{"C:\\Users\\athylus\\Documents\\Personal Projects\\pingintrip-dashboard\\src\\app.controller.ts": {"path":"C:\\Users\\athylus\\Documents\\Personal Projects\\pingintrip-dashboard\\src\\app.controller.ts","statementMap":{"0":{"start":{"line":1,"column":0},"end":{"line":1,"column":49}},"1":{"start":{"line":2,"column":0},"end":{"line":2,"column":43}},"2":{"start":{"line":5,"column":7},"end":{"line":12,"column":null}},"3":{"start":{"line":6,"column":31},"end":{"line":6,"column":43}},"4":{"start":{"line":10,"column":4},"end":{"line":10,"column":38}},"5":{"start":{"line":5,"column":13},"end":{"line":5,"column":26}},"6":{"start":{"line":9,"column":2},"end":{"line":11,"column":null}},"7":{"start":{"line":5,"column":13},"end":{"line":12,"column":null}}},"fnMap":{"0":{"name":"(anonymous_2)","decl":{"start":{"line":6,"column":2},"end":{"line":6,"column":31}},"loc":{"start":{"line":6,"column":53},"end":{"line":6,"column":57}}},"1":{"name":"(anonymous_3)","decl":{"start":{"line":9,"column":2},"end":{"line":9,"column":10}},"loc":{"start":{"line":9,"column":10},"end":{"line":11,"column":3}}}},"branchMap":{"0":{"loc":{"start":{"line":6,"column":43},"end":{"line":6,"column":56}},"type":"cond-expr","locations":[{"start":{"line":6,"column":53},"end":{"line":6,"column":56}},{"start":{"line":6,"column":53},"end":{"line":6,"column":56}}]},"1":{"loc":{"start":{"line":6,"column":43},"end":{"line":6,"column":53}},"type":"binary-expr","locations":[{"start":{"line":6,"column":43},"end":{"line":6,"column":56}},{"start":{"line":6,"column":43},"end":{"line":6,"column":53}}]}},"s":{"0":1,"1":1,"2":1,"3":1,"4":1,"5":1,"6":1,"7":1},"f":{"0":1,"1":1},"b":{"0":[1,0],"1":[1,1]}}
,"C:\\Users\\athylus\\Documents\\Personal Projects\\pingintrip-dashboard\\src\\app.module.ts": {"path":"C:\\Users\\athylus\\Documents\\Personal Projects\\pingintrip-dashboard\\src\\app.module.ts","statementMap":{"0":{"start":{"line":1,"column":0},"end":{"line":1,"column":40}},"1":{"start":{"line":2,"column":0},"end":{"line":2,"column":46}},"2":{"start":{"line":3,"column":0},"end":{"line":3,"column":68}},"3":{"start":{"line":4,"column":0},"end":{"line":4,"column":53}},"4":{"start":{"line":6,"column":0},"end":{"line":6,"column":40}},"5":{"start":{"line":7,"column":0},"end":{"line":7,"column":36}},"6":{"start":{"line":8,"column":0},"end":{"line":8,"column":38}},"7":{"start":{"line":9,"column":0},"end":{"line":9,"column":44}},"8":{"start":{"line":10,"column":0},"end":{"line":10,"column":44}},"9":{"start":{"line":11,"column":0},"end":{"line":11,"column":42}},"10":{"start":{"line":12,"column":0},"end":{"line":12,"column":34}},"11":{"start":{"line":13,"column":0},"end":{"line":13,"column":44}},"12":{"start":{"line":14,"column":0},"end":{"line":14,"column":51}},"13":{"start":{"line":15,"column":0},"end":{"line":15,"column":60}},"14":{"start":{"line":16,"column":0},"end":{"line":16,"column":54}},"15":{"start":{"line":17,"column":0},"end":{"line":17,"column":75}},"16":{"start":{"line":18,"column":0},"end":{"line":18,"column":55}},"17":{"start":{"line":74,"column":7},"end":{"line":74,"column":null}},"18":{"start":{"line":74,"column":13},"end":{"line":74,"column":22}},"19":{"start":{"line":74,"column":13},"end":{"line":74,"column":null}}},"fnMap":{},"branchMap":{},"s":{"0":0,"1":0,"2":0,"3":0,"4":0,"5":0,"6":0,"7":0,"8":0,"9":0,"10":0,"11":0,"12":0,"13":0,"14":0,"15":0,"16":0,"17":0,"18":0,"19":0},"f":{},"b":{}}
,"C:\\Users\\athylus\\Documents\\Personal Projects\\pingintrip-dashboard\\src\\app.service.ts": {"path":"C:\\Users\\athylus\\Documents\\Personal Projects\\pingintrip-dashboard\\src\\app.service.ts","statementMap":{"0":{"start":{"line":1,"column":0},"end":{"line":1,"column":44}},"1":{"start":{"line":4,"column":7},"end":{"line":8,"column":null}},"2":{"start":{"line":6,"column":4},"end":{"line":6,"column":26}},"3":{"start":{"line":4,"column":13},"end":{"line":4,"column":23}},"4":{"start":{"line":4,"column":13},"end":{"line":8,"column":null}}},"fnMap":{"0":{"name":"(anonymous_1)","decl":{"start":{"line":5,"column":2},"end":{"line":5,"column":10}},"loc":{"start":{"line":5,"column":10},"end":{"line":7,"column":3}}}},"branchMap":{},"s":{"0":1,"1":1,"2":1,"3":1,"4":1},"f":{"0":1},"b":{}}
,"C:\\Users\\athylus\\Documents\\Personal Projects\\pingintrip-dashboard\\src\\main.ts": {"path":"C:\\Users\\athylus\\Documents\\Personal Projects\\pingintrip-dashboard\\src\\main.ts","statementMap":{"0":{"start":{"line":1,"column":0},"end":{"line":1,"column":43}},"1":{"start":{"line":2,"column":0},"end":{"line":2,"column":48}},"2":{"start":{"line":3,"column":0},"end":{"line":3,"column":47}},"3":{"start":{"line":4,"column":0},"end":{"line":4,"column":41}},"4":{"start":{"line":7,"column":14},"end":{"line":7,"column":49}},"5":{"start":{"line":9,"column":24},"end":{"line":9,"column":46}},"6":{"start":{"line":12,"column":2},"end":{"line":21,"column":4}},"7":{"start":{"line":24,"column":2},"end":{"line":27,"column":5}},"8":{"start":{"line":30,"column":2},"end":{"line":30,"column":29}},"9":{"start":{"line":32,"column":15},"end":{"line":32,"column":56}},"10":{"start":{"line":33,"column":2},"end":{"line":33,"column":25}},"11":{"start":{"line":35,"column":2},"end":{"line":35,"column":71}},"12":{"start":{"line":36,"column":2},"end":{"line":36,"column":76}},"13":{"start":{"line":39,"column":0},"end":{"line":39,"column":12}}},"fnMap":{"0":{"name":"bootstrap","decl":{"start":{"line":6,"column":15},"end":{"line":6,"column":24}},"loc":{"start":{"line":6,"column":24},"end":{"line":37,"column":1}}}},"branchMap":{"0":{"loc":{"start":{"line":32,"column":15},"end":{"line":32,"column":56}},"type":"binary-expr","locations":[{"start":{"line":32,"column":15},"end":{"line":32,"column":48}},{"start":{"line":32,"column":52},"end":{"line":32,"column":56}}]}},"s":{"0":0,"1":0,"2":0,"3":0,"4":0,"5":0,"6":0,"7":0,"8":0,"9":0,"10":0,"11":0,"12":0,"13":0},"f":{"0":0},"b":{"0":[0,0]}}
,"C:\\Users\\athylus\\Documents\\Personal Projects\\pingintrip-dashboard\\src\\auth\\auth.controller.ts": {"path":"C:\\Users\\athylus\\Documents\\Personal Projects\\pingintrip-dashboard\\src\\auth\\auth.controller.ts","statementMap":{"0":{"start":{"line":1,"column":0},"end":{"line":1,"column":78}},"1":{"start":{"line":2,"column":0},"end":{"line":2,"column":45}},"2":{"start":{"line":3,"column":0},"end":{"line":3,"column":50}},"3":{"start":{"line":6,"column":7},"end":{"line":20,"column":null}},"4":{"start":{"line":7,"column":33},"end":{"line":7,"column":46}},"5":{"start":{"line":12,"column":8},"end":{"line":12,"column":48}},"6":{"start":{"line":18,"column":8},"end":{"line":18,"column":75}},"7":{"start":{"line":6,"column":13},"end":{"line":6,"column":27}},"8":{"start":{"line":11,"column":10},"end":{"line":13,"column":null}},"9":{"start":{"line":17,"column":10},"end":{"line":19,"column":null}},"10":{"start":{"line":6,"column":13},"end":{"line":20,"column":null}}},"fnMap":{"0":{"name":"(anonymous_4)","decl":{"start":{"line":7,"column":4},"end":{"line":7,"column":33}},"loc":{"start":{"line":7,"column":57},"end":{"line":7,"column":62}}},"1":{"name":"(anonymous_5)","decl":{"start":{"line":11,"column":10},"end":{"line":11,"column":15}},"loc":{"start":{"line":11,"column":42},"end":{"line":13,"column":5}}},"2":{"name":"(anonymous_6)","decl":{"start":{"line":17,"column":10},"end":{"line":17,"column":17}},"loc":{"start":{"line":17,"column":58},"end":{"line":19,"column":5}}}},"branchMap":{"0":{"loc":{"start":{"line":11,"column":34},"end":{"line":11,"column":null}},"type":"cond-expr","locations":[{"start":{"line":11,"column":42},"end":{"line":11,"column":null}},{"start":{"line":11,"column":42},"end":{"line":11,"column":null}}]},"1":{"loc":{"start":{"line":11,"column":34},"end":{"line":11,"column":42}},"type":"binary-expr","locations":[{"start":{"line":11,"column":34},"end":{"line":11,"column":null}},{"start":{"line":11,"column":34},"end":{"line":11,"column":42}}]},"2":{"loc":{"start":{"line":17,"column":43},"end":{"line":17,"column":null}},"type":"cond-expr","locations":[{"start":{"line":17,"column":58},"end":{"line":17,"column":null}},{"start":{"line":17,"column":58},"end":{"line":17,"column":null}}]},"3":{"loc":{"start":{"line":17,"column":43},"end":{"line":17,"column":58}},"type":"binary-expr","locations":[{"start":{"line":17,"column":43},"end":{"line":17,"column":null}},{"start":{"line":17,"column":43},"end":{"line":17,"column":58}}]},"4":{"loc":{"start":{"line":7,"column":46},"end":{"line":7,"column":61}},"type":"cond-expr","locations":[{"start":{"line":7,"column":57},"end":{"line":7,"column":61}},{"start":{"line":7,"column":57},"end":{"line":7,"column":61}}]},"5":{"loc":{"start":{"line":7,"column":46},"end":{"line":7,"column":57}},"type":"binary-expr","locations":[{"start":{"line":7,"column":46},"end":{"line":7,"column":61}},{"start":{"line":7,"column":46},"end":{"line":7,"column":57}}]}},"s":{"0":1,"1":1,"2":1,"3":1,"4":2,"5":1,"6":1,"7":1,"8":1,"9":1,"10":1},"f":{"0":2,"1":1,"2":1},"b":{"0":[1,0],"1":[1,1],"2":[1,0],"3":[1,1],"4":[1,0],"5":[1,1]}}
,"C:\\Users\\athylus\\Documents\\Personal Projects\\pingintrip-dashboard\\src\\auth\\auth.module.ts": {"path":"C:\\Users\\athylus\\Documents\\Personal Projects\\pingintrip-dashboard\\src\\auth\\auth.module.ts","statementMap":{"0":{"start":{"line":1,"column":0},"end":{"line":1,"column":40}},"1":{"start":{"line":2,"column":0},"end":{"line":2,"column":40}},"2":{"start":{"line":3,"column":0},"end":{"line":3,"column":50}},"3":{"start":{"line":4,"column":0},"end":{"line":4,"column":61}},"4":{"start":{"line":5,"column":0},"end":{"line":5,"column":51}},"5":{"start":{"line":6,"column":0},"end":{"line":6,"column":45}},"6":{"start":{"line":7,"column":0},"end":{"line":7,"column":56}},"7":{"start":{"line":27,"column":7},"end":{"line":27,"column":null}},"8":{"start":{"line":27,"column":13},"end":{"line":27,"column":23}},"9":{"start":{"line":27,"column":13},"end":{"line":27,"column":null}},"10":{"start":{"line":14,"column":59},"end":{"line":19,"column":14}}},"fnMap":{"0":{"name":"(anonymous_1)","decl":{"start":{"line":14,"column":24},"end":{"line":14,"column":25}},"loc":{"start":{"line":14,"column":59},"end":{"line":19,"column":14}}}},"branchMap":{},"s":{"0":0,"1":0,"2":0,"3":0,"4":0,"5":0,"6":0,"7":0,"8":0,"9":0,"10":0},"f":{"0":0},"b":{}}
,"C:\\Users\\athylus\\Documents\\Personal Projects\\pingintrip-dashboard\\src\\auth\\auth.service.ts": {"path":"C:\\Users\\athylus\\Documents\\Personal Projects\\pingintrip-dashboard\\src\\auth\\auth.service.ts","statementMap":{"0":{"start":{"line":1,"column":0},"end":{"line":1,"column":null}},"1":{"start":{"line":6,"column":0},"end":{"line":6,"column":47}},"2":{"start":{"line":7,"column":0},"end":{"line":7,"column":41}},"3":{"start":{"line":8,"column":0},"end":{"line":8,"column":33}},"4":{"start":{"line":9,"column":0},"end":{"line":9,"column":57}},"5":{"start":{"line":13,"column":24},"end":{"line":126,"column":null}},"6":{"start":{"line":14,"column":30},"end":{"line":14,"column":58}},"7":{"start":{"line":17,"column":16},"end":{"line":17,"column":24}},"8":{"start":{"line":18,"column":16},"end":{"line":18,"column":28}},"9":{"start":{"line":19,"column":16},"end":{"line":19,"column":31}},"10":{"start":{"line":23,"column":36},"end":{"line":23,"column":44}},"11":{"start":{"line":25,"column":21},"end":{"line":27,"column":10}},"12":{"start":{"line":29,"column":8},"end":{"line":31,"column":9}},"13":{"start":{"line":30,"column":12},"end":{"line":30,"column":67}},"14":{"start":{"line":33,"column":8},"end":{"line":35,"column":9}},"15":{"start":{"line":34,"column":12},"end":{"line":34,"column":70}},"16":{"start":{"line":37,"column":32},"end":{"line":37,"column":77}},"17":{"start":{"line":39,"column":8},"end":{"line":41,"column":9}},"18":{"start":{"line":40,"column":12},"end":{"line":40,"column":67}},"19":{"start":{"line":43,"column":23},"end":{"line":43,"column":80}},"20":{"start":{"line":45,"column":8},"end":{"line":45,"column":64}},"21":{"start":{"line":47,"column":8},"end":{"line":55,"column":10}},"22":{"start":{"line":59,"column":8},"end":{"line":85,"column":9}},"23":{"start":{"line":60,"column":28},"end":{"line":62,"column":14}},"24":{"start":{"line":64,"column":25},"end":{"line":66,"column":14}},"25":{"start":{"line":68,"column":12},"end":{"line":70,"column":13}},"26":{"start":{"line":69,"column":16},"end":{"line":69,"column":73}},"27":{"start":{"line":72,"column":27},"end":{"line":72,"column":84}},"28":{"start":{"line":74,"column":12},"end":{"line":82,"column":14}},"29":{"start":{"line":84,"column":12},"end":{"line":84,"column":69}},"30":{"start":{"line":89,"column":24},"end":{"line":89,"column":52}},"31":{"start":{"line":91,"column":44},"end":{"line":100,"column":10}},"32":{"start":{"line":102,"column":8},"end":{"line":105,"column":10}},"33":{"start":{"line":109,"column":21},"end":{"line":118,"column":10}},"34":{"start":{"line":120,"column":8},"end":{"line":122,"column":9}},"35":{"start":{"line":121,"column":12},"end":{"line":121,"column":24}},"36":{"start":{"line":124,"column":8},"end":{"line":124,"column":20}},"37":{"start":{"line":13,"column":13},"end":{"line":13,"column":24}},"38":{"start":{"line":13,"column":13},"end":{"line":126,"column":null}}},"fnMap":{"0":{"name":"(anonymous_11)","decl":{"start":{"line":16,"column":4},"end":{"line":16,"column":null}},"loc":{"start":{"line":19,"column":44},"end":{"line":20,"column":9}}},"1":{"name":"(anonymous_12)","decl":{"start":{"line":22,"column":4},"end":{"line":22,"column":9}},"loc":{"start":{"line":22,"column":34},"end":{"line":56,"column":5}}},"2":{"name":"(anonymous_13)","decl":{"start":{"line":58,"column":4},"end":{"line":58,"column":9}},"loc":{"start":{"line":58,"column":43},"end":{"line":86,"column":5}}},"3":{"name":"(anonymous_14)","decl":{"start":{"line":88,"column":12},"end":{"line":88,"column":17}},"loc":{"start":{"line":88,"column":76},"end":{"line":106,"column":5}}},"4":{"name":"(anonymous_15)","decl":{"start":{"line":108,"column":4},"end":{"line":108,"column":9}},"loc":{"start":{"line":108,"column":37},"end":{"line":125,"column":5}}}},"branchMap":{"0":{"loc":{"start":{"line":29,"column":8},"end":{"line":31,"column":9}},"type":"if","locations":[{"start":{"line":29,"column":8},"end":{"line":31,"column":9}},{"start":{},"end":{}}]},"1":{"loc":{"start":{"line":33,"column":8},"end":{"line":35,"column":9}},"type":"if","locations":[{"start":{"line":33,"column":8},"end":{"line":35,"column":9}},{"start":{},"end":{}}]},"2":{"loc":{"start":{"line":39,"column":8},"end":{"line":41,"column":9}},"type":"if","locations":[{"start":{"line":39,"column":8},"end":{"line":41,"column":9}},{"start":{},"end":{}}]},"3":{"loc":{"start":{"line":68,"column":12},"end":{"line":70,"column":13}},"type":"if","locations":[{"start":{"line":68,"column":12},"end":{"line":70,"column":13}},{"start":{},"end":{}}]},"4":{"loc":{"start":{"line":68,"column":16},"end":{"line":68,"column":39}},"type":"binary-expr","locations":[{"start":{"line":68,"column":16},"end":{"line":68,"column":21}},{"start":{"line":68,"column":25},"end":{"line":68,"column":39}}]},"5":{"loc":{"start":{"line":94,"column":27},"end":{"line":94,"column":84}},"type":"binary-expr","locations":[{"start":{"line":94,"column":27},"end":{"line":94,"column":75}},{"start":{"line":94,"column":79},"end":{"line":94,"column":84}}]},"6":{"loc":{"start":{"line":98,"column":27},"end":{"line":98,"column":95}},"type":"binary-expr","locations":[{"start":{"line":98,"column":27},"end":{"line":98,"column":83}},{"start":{"line":98,"column":87},"end":{"line":98,"column":95}}]},"7":{"loc":{"start":{"line":120,"column":8},"end":{"line":122,"column":9}},"type":"if","locations":[{"start":{"line":120,"column":8},"end":{"line":122,"column":9}},{"start":{},"end":{}}]},"8":{"loc":{"start":{"line":120,"column":12},"end":{"line":120,"column":35}},"type":"binary-expr","locations":[{"start":{"line":120,"column":12},"end":{"line":120,"column":17}},{"start":{"line":120,"column":21},"end":{"line":120,"column":35}}]},"9":{"loc":{"start":{"line":17,"column":24},"end":{"line":17,"column":null}},"type":"cond-expr","locations":[{"start":{"line":17,"column":37},"end":{"line":17,"column":null}},{"start":{"line":17,"column":37},"end":{"line":17,"column":null}}]},"10":{"loc":{"start":{"line":17,"column":24},"end":{"line":17,"column":37}},"type":"binary-expr","locations":[{"start":{"line":17,"column":24},"end":{"line":17,"column":null}},{"start":{"line":17,"column":24},"end":{"line":17,"column":37}}]},"11":{"loc":{"start":{"line":17,"column":37},"end":{"line":18,"column":null}},"type":"cond-expr","locations":[{"start":{"line":18,"column":38},"end":{"line":18,"column":null}},{"start":{"line":18,"column":38},"end":{"line":18,"column":null}}]},"12":{"loc":{"start":{"line":17,"column":37},"end":{"line":18,"column":38}},"type":"binary-expr","locations":[{"start":{"line":17,"column":37},"end":{"line":18,"column":null}},{"start":{"line":18,"column":28},"end":{"line":18,"column":38}}]},"13":{"loc":{"start":{"line":18,"column":38},"end":{"line":19,"column":null}},"type":"cond-expr","locations":[{"start":{"line":19,"column":44},"end":{"line":19,"column":null}},{"start":{"line":19,"column":44},"end":{"line":19,"column":null}}]},"14":{"loc":{"start":{"line":18,"column":38},"end":{"line":19,"column":44}},"type":"binary-expr","locations":[{"start":{"line":18,"column":38},"end":{"line":19,"column":null}},{"start":{"line":19,"column":31},"end":{"line":19,"column":44}}]}},"s":{"0":2,"1":2,"2":2,"3":2,"4":2,"5":2,"6":10,"7":10,"8":10,"9":10,"10":7,"11":7,"12":7,"13":2,"14":5,"15":2,"16":3,"17":3,"18":2,"19":1,"20":1,"21":1,"22":3,"23":3,"24":2,"25":2,"26":1,"27":1,"28":1,"29":2,"30":2,"31":2,"32":2,"33":3,"34":3,"35":2,"36":1,"37":2,"38":2},"f":{"0":10,"1":7,"2":3,"3":2,"4":3},"b":{"0":[2,5],"1":[2,3],"2":[2,1],"3":[1,1],"4":[2,2],"5":[2,0],"6":[2,0],"7":[2,1],"8":[3,2],"9":[2,0],"10":[2,2],"11":[2,0],"12":[2,2],"13":[2,0],"14":[2,2]}}
,"C:\\Users\\athylus\\Documents\\Personal Projects\\pingintrip-dashboard\\src\\auth\\index.ts": {"path":"C:\\Users\\athylus\\Documents\\Personal Projects\\pingintrip-dashboard\\src\\auth\\index.ts","statementMap":{"0":{"start":{"line":1,"column":0},"end":{"line":1,"column":30}},"1":{"start":{"line":2,"column":0},"end":{"line":2,"column":31}},"2":{"start":{"line":3,"column":0},"end":{"line":3,"column":22}},"3":{"start":{"line":4,"column":0},"end":{"line":4,"column":29}},"4":{"start":{"line":5,"column":0},"end":{"line":5,"column":25}},"5":{"start":{"line":6,"column":0},"end":{"line":6,"column":29}}},"fnMap":{},"branchMap":{},"s":{"0":0,"1":0,"2":0,"3":0,"4":0,"5":0},"f":{},"b":{}}
,"C:\\Users\\athylus\\Documents\\Personal Projects\\pingintrip-dashboard\\src\\auth\\decorators\\current-user.decorator.ts": {"path":"C:\\Users\\athylus\\Documents\\Personal Projects\\pingintrip-dashboard\\src\\auth\\decorators\\current-user.decorator.ts","statementMap":{"0":{"start":{"line":1,"column":0},"end":{"line":1,"column":72}},"1":{"start":{"line":3,"column":13},"end":{"line":14,"column":2}},"2":{"start":{"line":5,"column":24},"end":{"line":5,"column":55}},"3":{"start":{"line":6,"column":21},"end":{"line":6,"column":33}},"4":{"start":{"line":8,"column":8},"end":{"line":10,"column":9}},"5":{"start":{"line":9,"column":12},"end":{"line":9,"column":32}},"6":{"start":{"line":12,"column":8},"end":{"line":12,"column":20}}},"fnMap":{"0":{"name":"(anonymous_0)","decl":{"start":{"line":4,"column":4},"end":{"line":4,"column":5}},"loc":{"start":{"line":4,"column":56},"end":{"line":13,"column":5}}}},"branchMap":{"0":{"loc":{"start":{"line":8,"column":8},"end":{"line":10,"column":9}},"type":"if","locations":[{"start":{"line":8,"column":8},"end":{"line":10,"column":9}},{"start":{},"end":{}}]}},"s":{"0":0,"1":0,"2":0,"3":0,"4":0,"5":0,"6":0},"f":{"0":0},"b":{"0":[0,0]}}
,"C:\\Users\\athylus\\Documents\\Personal Projects\\pingintrip-dashboard\\src\\auth\\decorators\\index.ts": {"path":"C:\\Users\\athylus\\Documents\\Personal Projects\\pingintrip-dashboard\\src\\auth\\decorators\\index.ts","statementMap":{"0":{"start":{"line":1,"column":0},"end":{"line":1,"column":34}},"1":{"start":{"line":2,"column":0},"end":{"line":2,"column":41}}},"fnMap":{},"branchMap":{},"s":{"0":0,"1":0},"f":{},"b":{}}
,"C:\\Users\\athylus\\Documents\\Personal Projects\\pingintrip-dashboard\\src\\auth\\decorators\\roles.decorator.ts": {"path":"C:\\Users\\athylus\\Documents\\Personal Projects\\pingintrip-dashboard\\src\\auth\\decorators\\roles.decorator.ts","statementMap":{"0":{"start":{"line":1,"column":0},"end":{"line":1,"column":45}},"1":{"start":{"line":4,"column":13},"end":{"line":4,"column":33}},"2":{"start":{"line":5,"column":21},"end":{"line":5,"column":72}},"3":{"start":{"line":5,"column":43},"end":{"line":5,"column":72}},"4":{"start":{"line":5,"column":13},"end":{"line":5,"column":21}}},"fnMap":{"0":{"name":"(anonymous_0)","decl":{"start":{"line":5,"column":21},"end":{"line":5,"column":22}},"loc":{"start":{"line":5,"column":43},"end":{"line":5,"column":72}}}},"branchMap":{},"s":{"0":0,"1":0,"2":0,"3":0,"4":0},"f":{"0":0},"b":{}}
,"C:\\Users\\athylus\\Documents\\Personal Projects\\pingintrip-dashboard\\src\\auth\\dto\\index.ts": {"path":"C:\\Users\\athylus\\Documents\\Personal Projects\\pingintrip-dashboard\\src\\auth\\dto\\index.ts","statementMap":{"0":{"start":{"line":1,"column":0},"end":{"line":1,"column":28}},"1":{"start":{"line":2,"column":0},"end":{"line":2,"column":36}}},"fnMap":{},"branchMap":{},"s":{"0":1,"1":1},"f":{},"b":{}}
,"C:\\Users\\athylus\\Documents\\Personal Projects\\pingintrip-dashboard\\src\\auth\\dto\\login.dto.ts": {"path":"C:\\Users\\athylus\\Documents\\Personal Projects\\pingintrip-dashboard\\src\\auth\\dto\\login.dto.ts","statementMap":{"0":{"start":{"line":1,"column":0},"end":{"line":1,"column":63}},"1":{"start":{"line":3,"column":0},"end":{"line":3,"column":13}},"2":{"start":{"line":5,"column":4},"end":{"line":5,"column":null}},"3":{"start":{"line":9,"column":4},"end":{"line":9,"column":null}}},"fnMap":{},"branchMap":{},"s":{"0":1,"1":1,"2":1,"3":1},"f":{},"b":{}}
,"C:\\Users\\athylus\\Documents\\Personal Projects\\pingintrip-dashboard\\src\\auth\\dto\\refresh-token.dto.ts": {"path":"C:\\Users\\athylus\\Documents\\Personal Projects\\pingintrip-dashboard\\src\\auth\\dto\\refresh-token.dto.ts","statementMap":{"0":{"start":{"line":1,"column":0},"end":{"line":1,"column":54}},"1":{"start":{"line":3,"column":0},"end":{"line":3,"column":13}},"2":{"start":{"line":6,"column":4},"end":{"line":6,"column":null}}},"fnMap":{},"branchMap":{},"s":{"0":1,"1":1,"2":1},"f":{},"b":{}}
,"C:\\Users\\athylus\\Documents\\Personal Projects\\pingintrip-dashboard\\src\\auth\\guards\\index.ts": {"path":"C:\\Users\\athylus\\Documents\\Personal Projects\\pingintrip-dashboard\\src\\auth\\guards\\index.ts","statementMap":{"0":{"start":{"line":1,"column":0},"end":{"line":1,"column":33}},"1":{"start":{"line":2,"column":0},"end":{"line":2,"column":30}}},"fnMap":{},"branchMap":{},"s":{"0":0,"1":0},"f":{},"b":{}}
,"C:\\Users\\athylus\\Documents\\Personal Projects\\pingintrip-dashboard\\src\\auth\\guards\\jwt-auth.guard.ts": {"path":"C:\\Users\\athylus\\Documents\\Personal Projects\\pingintrip-dashboard\\src\\auth\\guards\\jwt-auth.guard.ts","statementMap":{"0":{"start":{"line":1,"column":0},"end":{"line":1,"column":44}},"1":{"start":{"line":2,"column":0},"end":{"line":2,"column":45}},"2":{"start":{"line":5,"column":7},"end":{"line":5,"column":null}},"3":{"start":{"line":5,"column":13},"end":{"line":5,"column":25}},"4":{"start":{"line":5,"column":13},"end":{"line":5,"column":null}}},"fnMap":{},"branchMap":{},"s":{"0":0,"1":0,"2":0,"3":0,"4":0},"f":{},"b":{}}
,"C:\\Users\\athylus\\Documents\\Personal Projects\\pingintrip-dashboard\\src\\auth\\guards\\roles.guard.ts": {"path":"C:\\Users\\athylus\\Documents\\Personal Projects\\pingintrip-dashboard\\src\\auth\\guards\\roles.guard.ts","statementMap":{"0":{"start":{"line":1,"column":0},"end":{"line":1,"column":null}},"1":{"start":{"line":7,"column":0},"end":{"line":7,"column":41}},"2":{"start":{"line":9,"column":0},"end":{"line":9,"column":58}},"3":{"start":{"line":12,"column":7},"end":{"line":41,"column":null}},"4":{"start":{"line":13,"column":24},"end":{"line":13,"column":35}},"5":{"start":{"line":16,"column":30},"end":{"line":19,"column":10}},"6":{"start":{"line":21,"column":8},"end":{"line":23,"column":9}},"7":{"start":{"line":22,"column":12},"end":{"line":22,"column":24}},"8":{"start":{"line":25,"column":25},"end":{"line":25,"column":60}},"9":{"start":{"line":27,"column":8},"end":{"line":29,"column":9}},"10":{"start":{"line":28,"column":12},"end":{"line":28,"column":67}},"11":{"start":{"line":31,"column":24},"end":{"line":31,"column":72}},"12":{"start":{"line":31,"column":53},"end":{"line":31,"column":71}},"13":{"start":{"line":33,"column":8},"end":{"line":37,"column":9}},"14":{"start":{"line":34,"column":12},"end":{"line":36,"column":14}},"15":{"start":{"line":39,"column":8},"end":{"line":39,"column":20}},"16":{"start":{"line":12,"column":13},"end":{"line":12,"column":23}},"17":{"start":{"line":12,"column":13},"end":{"line":41,"column":null}}},"fnMap":{"0":{"name":"(anonymous_2)","decl":{"start":{"line":13,"column":4},"end":{"line":13,"column":24}},"loc":{"start":{"line":13,"column":44},"end":{"line":13,"column":49}}},"1":{"name":"(anonymous_3)","decl":{"start":{"line":15,"column":4},"end":{"line":15,"column":15}},"loc":{"start":{"line":15,"column":41},"end":{"line":40,"column":5}}},"2":{"name":"(anonymous_4)","decl":{"start":{"line":31,"column":43},"end":{"line":31,"column":44}},"loc":{"start":{"line":31,"column":53},"end":{"line":31,"column":71}}}},"branchMap":{"0":{"loc":{"start":{"line":21,"column":8},"end":{"line":23,"column":9}},"type":"if","locations":[{"start":{"line":21,"column":8},"end":{"line":23,"column":9}},{"start":{},"end":{}}]},"1":{"loc":{"start":{"line":27,"column":8},"end":{"line":29,"column":9}},"type":"if","locations":[{"start":{"line":27,"column":8},"end":{"line":29,"column":9}},{"start":{},"end":{}}]},"2":{"loc":{"start":{"line":33,"column":8},"end":{"line":37,"column":9}},"type":"if","locations":[{"start":{"line":33,"column":8},"end":{"line":37,"column":9}},{"start":{},"end":{}}]},"3":{"loc":{"start":{"line":13,"column":35},"end":{"line":13,"column":48}},"type":"cond-expr","locations":[{"start":{"line":13,"column":44},"end":{"line":13,"column":48}},{"start":{"line":13,"column":44},"end":{"line":13,"column":48}}]},"4":{"loc":{"start":{"line":13,"column":35},"end":{"line":13,"column":44}},"type":"binary-expr","locations":[{"start":{"line":13,"column":35},"end":{"line":13,"column":48}},{"start":{"line":13,"column":35},"end":{"line":13,"column":44}}]}},"s":{"0":0,"1":0,"2":0,"3":0,"4":0,"5":0,"6":0,"7":0,"8":0,"9":0,"10":0,"11":0,"12":0,"13":0,"14":0,"15":0,"16":0,"17":0},"f":{"0":0,"1":0,"2":0},"b":{"0":[0,0],"1":[0,0],"2":[0,0],"3":[0,0],"4":[0,0]}}
,"C:\\Users\\athylus\\Documents\\Personal Projects\\pingintrip-dashboard\\src\\auth\\strategies\\index.ts": {"path":"C:\\Users\\athylus\\Documents\\Personal Projects\\pingintrip-dashboard\\src\\auth\\strategies\\index.ts","statementMap":{"0":{"start":{"line":1,"column":0},"end":{"line":1,"column":31}}},"fnMap":{},"branchMap":{},"s":{"0":0},"f":{},"b":{}}
,"C:\\Users\\athylus\\Documents\\Personal Projects\\pingintrip-dashboard\\src\\auth\\strategies\\jwt.strategy.ts": {"path":"C:\\Users\\athylus\\Documents\\Personal Projects\\pingintrip-dashboard\\src\\auth\\strategies\\jwt.strategy.ts","statementMap":{"0":{"start":{"line":1,"column":0},"end":{"line":1,"column":67}},"1":{"start":{"line":2,"column":0},"end":{"line":2,"column":47}},"2":{"start":{"line":3,"column":0},"end":{"line":3,"column":52}},"3":{"start":{"line":4,"column":0},"end":{"line":4,"column":52}},"4":{"start":{"line":5,"column":0},"end":{"line":5,"column":60}},"5":{"start":{"line":14,"column":7},"end":{"line":48,"column":null}},"6":{"start":{"line":19,"column":8},"end":{"line":23,"column":11}},"7":{"start":{"line":17,"column":16},"end":{"line":17,"column":24}},"8":{"start":{"line":27,"column":21},"end":{"line":36,"column":10}},"9":{"start":{"line":38,"column":8},"end":{"line":40,"column":9}},"10":{"start":{"line":39,"column":12},"end":{"line":39,"column":62}},"11":{"start":{"line":42,"column":8},"end":{"line":44,"column":9}},"12":{"start":{"line":43,"column":12},"end":{"line":43,"column":75}},"13":{"start":{"line":46,"column":8},"end":{"line":46,"column":20}},"14":{"start":{"line":14,"column":13},"end":{"line":14,"column":24}},"15":{"start":{"line":14,"column":13},"end":{"line":48,"column":null}}},"fnMap":{"0":{"name":"(anonymous_2)","decl":{"start":{"line":15,"column":4},"end":{"line":15,"column":null}},"loc":{"start":{"line":17,"column":37},"end":{"line":24,"column":5}}},"1":{"name":"(anonymous_3)","decl":{"start":{"line":26,"column":4},"end":{"line":26,"column":9}},"loc":{"start":{"line":26,"column":38},"end":{"line":47,"column":5}}}},"branchMap":{"0":{"loc":{"start":{"line":38,"column":8},"end":{"line":40,"column":9}},"type":"if","locations":[{"start":{"line":38,"column":8},"end":{"line":40,"column":9}},{"start":{},"end":{}}]},"1":{"loc":{"start":{"line":42,"column":8},"end":{"line":44,"column":9}},"type":"if","locations":[{"start":{"line":42,"column":8},"end":{"line":44,"column":9}},{"start":{},"end":{}}]},"2":{"loc":{"start":{"line":16,"column":23},"end":{"line":16,"column":null}},"type":"cond-expr","locations":[{"start":{"line":16,"column":36},"end":{"line":16,"column":null}},{"start":{"line":16,"column":36},"end":{"line":16,"column":null}}]},"3":{"loc":{"start":{"line":16,"column":23},"end":{"line":16,"column":36}},"type":"binary-expr","locations":[{"start":{"line":16,"column":23},"end":{"line":16,"column":null}},{"start":{"line":16,"column":23},"end":{"line":16,"column":36}}]},"4":{"loc":{"start":{"line":16,"column":36},"end":{"line":17,"column":null}},"type":"cond-expr","locations":[{"start":{"line":17,"column":37},"end":{"line":17,"column":null}},{"start":{"line":17,"column":37},"end":{"line":17,"column":null}}]},"5":{"loc":{"start":{"line":16,"column":36},"end":{"line":17,"column":37}},"type":"binary-expr","locations":[{"start":{"line":16,"column":36},"end":{"line":17,"column":null}},{"start":{"line":17,"column":24},"end":{"line":17,"column":37}}]}},"s":{"0":0,"1":0,"2":0,"3":0,"4":0,"5":0,"6":0,"7":0,"8":0,"9":0,"10":0,"11":0,"12":0,"13":0,"14":0,"15":0},"f":{"0":0,"1":0},"b":{"0":[0,0],"1":[0,0],"2":[0,0],"3":[0,0],"4":[0,0],"5":[0,0]}}
,"C:\\Users\\athylus\\Documents\\Personal Projects\\pingintrip-dashboard\\src\\bookings\\bookings.controller.ts": {"path":"C:\\Users\\athylus\\Documents\\Personal Projects\\pingintrip-dashboard\\src\\bookings\\bookings.controller.ts","statementMap":{"0":{"start":{"line":1,"column":0},"end":{"line":1,"column":null}},"1":{"start":{"line":12,"column":0},"end":{"line":12,"column":53}},"2":{"start":{"line":13,"column":0},"end":{"line":13,"column":null}},"3":{"start":{"line":19,"column":0},"end":{"line":19,"column":64}},"4":{"start":{"line":23,"column":7},"end":{"line":76,"column":null}},"5":{"start":{"line":24,"column":33},"end":{"line":24,"column":50}},"6":{"start":{"line":31,"column":8},"end":{"line":31,"column":69}},"7":{"start":{"line":36,"column":8},"end":{"line":36,"column":54}},"8":{"start":{"line":41,"column":8},"end":{"line":41,"column":47}},"9":{"start":{"line":46,"column":8},"end":{"line":46,"column":48}},"10":{"start":{"line":55,"column":8},"end":{"line":55,"column":73}},"11":{"start":{"line":64,"column":8},"end":{"line":64,"column":72}},"12":{"start":{"line":69,"column":8},"end":{"line":69,"column":47}},"13":{"start":{"line":74,"column":8},"end":{"line":74,"column":51}},"14":{"start":{"line":23,"column":13},"end":{"line":23,"column":31}},"15":{"start":{"line":27,"column":4},"end":{"line":32,"column":null}},"16":{"start":{"line":35,"column":4},"end":{"line":37,"column":null}},"17":{"start":{"line":40,"column":4},"end":{"line":42,"column":null}},"18":{"start":{"line":45,"column":4},"end":{"line":47,"column":null}},"19":{"start":{"line":50,"column":4},"end":{"line":56,"column":null}},"20":{"start":{"line":59,"column":4},"end":{"line":65,"column":null}},"21":{"start":{"line":68,"column":4},"end":{"line":70,"column":null}},"22":{"start":{"line":73,"column":4},"end":{"line":75,"column":null}},"23":{"start":{"line":23,"column":13},"end":{"line":76,"column":null}}},"fnMap":{"0":{"name":"(anonymous_4)","decl":{"start":{"line":24,"column":4},"end":{"line":24,"column":33}},"loc":{"start":{"line":24,"column":65},"end":{"line":24,"column":70}}},"1":{"name":"(anonymous_5)","decl":{"start":{"line":27,"column":4},"end":{"line":27,"column":10}},"loc":{"start":{"line":29,"column":41},"end":{"line":32,"column":5}}},"2":{"name":"(anonymous_6)","decl":{"start":{"line":35,"column":4},"end":{"line":35,"column":11}},"loc":{"start":{"line":35,"column":47},"end":{"line":37,"column":5}}},"3":{"name":"(anonymous_7)","decl":{"start":{"line":40,"column":4},"end":{"line":40,"column":12}},"loc":{"start":{"line":40,"column":12},"end":{"line":42,"column":5}}},"4":{"name":"(anonymous_8)","decl":{"start":{"line":45,"column":4},"end":{"line":45,"column":11}},"loc":{"start":{"line":45,"column":35},"end":{"line":47,"column":5}}},"5":{"name":"(anonymous_9)","decl":{"start":{"line":50,"column":4},"end":{"line":50,"column":10}},"loc":{"start":{"line":53,"column":41},"end":{"line":56,"column":5}}},"6":{"name":"(anonymous_10)","decl":{"start":{"line":59,"column":4},"end":{"line":59,"column":16}},"loc":{"start":{"line":62,"column":41},"end":{"line":65,"column":5}}},"7":{"name":"(anonymous_11)","decl":{"start":{"line":68,"column":4},"end":{"line":68,"column":10}},"loc":{"start":{"line":68,"column":34},"end":{"line":70,"column":5}}},"8":{"name":"(anonymous_12)","decl":{"start":{"line":73,"column":4},"end":{"line":73,"column":14}},"loc":{"start":{"line":73,"column":38},"end":{"line":75,"column":5}}}},"branchMap":{"0":{"loc":{"start":{"line":28,"column":34},"end":{"line":28,"column":null}},"type":"cond-expr","locations":[{"start":{"line":28,"column":50},"end":{"line":28,"column":null}},{"start":{"line":28,"column":50},"end":{"line":28,"column":null}}]},"1":{"loc":{"start":{"line":28,"column":34},"end":{"line":28,"column":50}},"type":"binary-expr","locations":[{"start":{"line":28,"column":34},"end":{"line":28,"column":null}},{"start":{"line":28,"column":34},"end":{"line":28,"column":50}}]},"2":{"loc":{"start":{"line":35,"column":31},"end":{"line":35,"column":null}},"type":"cond-expr","locations":[{"start":{"line":35,"column":47},"end":{"line":35,"column":null}},{"start":{"line":35,"column":47},"end":{"line":35,"column":null}}]},"3":{"loc":{"start":{"line":35,"column":31},"end":{"line":35,"column":47}},"type":"binary-expr","locations":[{"start":{"line":35,"column":31},"end":{"line":35,"column":null}},{"start":{"line":35,"column":31},"end":{"line":35,"column":47}}]},"4":{"loc":{"start":{"line":52,"column":34},"end":{"line":52,"column":null}},"type":"cond-expr","locations":[{"start":{"line":52,"column":50},"end":{"line":52,"column":null}},{"start":{"line":52,"column":50},"end":{"line":52,"column":null}}]},"5":{"loc":{"start":{"line":52,"column":34},"end":{"line":52,"column":50}},"type":"binary-expr","locations":[{"start":{"line":52,"column":34},"end":{"line":52,"column":null}},{"start":{"line":52,"column":34},"end":{"line":52,"column":50}}]},"6":{"loc":{"start":{"line":61,"column":27},"end":{"line":61,"column":null}},"type":"cond-expr","locations":[{"start":{"line":61,"column":49},"end":{"line":61,"column":null}},{"start":{"line":61,"column":49},"end":{"line":61,"column":null}}]},"7":{"loc":{"start":{"line":61,"column":27},"end":{"line":61,"column":49}},"type":"binary-expr","locations":[{"start":{"line":61,"column":27},"end":{"line":61,"column":null}},{"start":{"line":61,"column":27},"end":{"line":61,"column":49}}]},"8":{"loc":{"start":{"line":24,"column":50},"end":{"line":24,"column":69}},"type":"cond-expr","locations":[{"start":{"line":24,"column":65},"end":{"line":24,"column":69}},{"start":{"line":24,"column":65},"end":{"line":24,"column":69}}]},"9":{"loc":{"start":{"line":24,"column":50},"end":{"line":24,"column":65}},"type":"binary-expr","locations":[{"start":{"line":24,"column":50},"end":{"line":24,"column":69}},{"start":{"line":24,"column":50},"end":{"line":24,"column":65}}]}},"s":{"0":0,"1":0,"2":0,"3":0,"4":0,"5":0,"6":0,"7":0,"8":0,"9":0,"10":0,"11":0,"12":0,"13":0,"14":0,"15":0,"16":0,"17":0,"18":0,"19":0,"20":0,"21":0,"22":0,"23":0},"f":{"0":0,"1":0,"2":0,"3":0,"4":0,"5":0,"6":0,"7":0,"8":0},"b":{"0":[0,0],"1":[0,0],"2":[0,0],"3":[0,0],"4":[0,0],"5":[0,0],"6":[0,0],"7":[0,0],"8":[0,0],"9":[0,0]}}
,"C:\\Users\\athylus\\Documents\\Personal Projects\\pingintrip-dashboard\\src\\bookings\\bookings.module.ts": {"path":"C:\\Users\\athylus\\Documents\\Personal Projects\\pingintrip-dashboard\\src\\bookings\\bookings.module.ts","statementMap":{"0":{"start":{"line":1,"column":0},"end":{"line":1,"column":52}},"1":{"start":{"line":2,"column":0},"end":{"line":2,"column":59}},"2":{"start":{"line":3,"column":0},"end":{"line":3,"column":53}},"3":{"start":{"line":4,"column":0},"end":{"line":4,"column":61}},"4":{"start":{"line":5,"column":0},"end":{"line":5,"column":76}},"5":{"start":{"line":16,"column":7},"end":{"line":16,"column":null}},"6":{"start":{"line":16,"column":13},"end":{"line":16,"column":27}},"7":{"start":{"line":16,"column":13},"end":{"line":16,"column":null}},"8":{"start":{"line":9,"column":25},"end":{"line":9,"column":39}}},"fnMap":{"0":{"name":"(anonymous_1)","decl":{"start":{"line":9,"column":19},"end":{"line":9,"column":22}},"loc":{"start":{"line":9,"column":25},"end":{"line":9,"column":39}}}},"branchMap":{},"s":{"0":0,"1":0,"2":0,"3":0,"4":0,"5":0,"6":0,"7":0,"8":0},"f":{"0":0},"b":{}}
,"C:\\Users\\athylus\\Documents\\Personal Projects\\pingintrip-dashboard\\src\\bookings\\bookings.service.ts": {"path":"C:\\Users\\athylus\\Documents\\Personal Projects\\pingintrip-dashboard\\src\\bookings\\bookings.service.ts","statementMap":{"0":{"start":{"line":1,"column":0},"end":{"line":1,"column":null}},"1":{"start":{"line":7,"column":0},"end":{"line":7,"column":69}},"2":{"start":{"line":8,"column":0},"end":{"line":8,"column":57}},"3":{"start":{"line":9,"column":0},"end":{"line":9,"column":65}},"4":{"start":{"line":10,"column":0},"end":{"line":10,"column":78}},"5":{"start":{"line":20,"column":67},"end":{"line":26,"column":2}},"6":{"start":{"line":29,"column":7},"end":{"line":391,"column":null}},"7":{"start":{"line":31,"column":16},"end":{"line":31,"column":24}},"8":{"start":{"line":32,"column":16},"end":{"line":32,"column":34}},"9":{"start":{"line":33,"column":16},"end":{"line":33,"column":38}},"10":{"start":{"line":38,"column":8},"end":{"line":44,"column":9}},"11":{"start":{"line":39,"column":12},"end":{"line":43,"column":14}},"12":{"start":{"line":47,"column":8},"end":{"line":49,"column":9}},"13":{"start":{"line":48,"column":12},"end":{"line":48,"column":85}},"14":{"start":{"line":51,"column":24},"end":{"line":67,"column":10}},"15":{"start":{"line":70,"column":8},"end":{"line":70,"column":58}},"16":{"start":{"line":73,"column":8},"end":{"line":77,"column":10}},"17":{"start":{"line":79,"column":8},"end":{"line":79,"column":23}},"18":{"start":{"line":83,"column":98},"end":{"line":83,"column":106}},"19":{"start":{"line":84,"column":21},"end":{"line":84,"column":39}},"20":{"start":{"line":86,"column":48},"end":{"line":88,"column":10}},"21":{"start":{"line":90,"column":8},"end":{"line":95,"column":9}},"22":{"start":{"line":91,"column":12},"end":{"line":94,"column":14}},"23":{"start":{"line":97,"column":8},"end":{"line":97,"column":42}},"24":{"start":{"line":97,"column":20},"end":{"line":97,"column":42}},"25":{"start":{"line":98,"column":8},"end":{"line":98,"column":42}},"26":{"start":{"line":98,"column":20},"end":{"line":98,"column":42}},"27":{"start":{"line":99,"column":8},"end":{"line":99,"column":57}},"28":{"start":{"line":99,"column":25},"end":{"line":99,"column":57}},"29":{"start":{"line":101,"column":8},"end":{"line":105,"column":9}},"30":{"start":{"line":102,"column":12},"end":{"line":102,"column":34}},"31":{"start":{"line":103,"column":12},"end":{"line":103,"column":70}},"32":{"start":{"line":103,"column":27},"end":{"line":103,"column":70}},"33":{"start":{"line":104,"column":12},"end":{"line":104,"column":66}},"34":{"start":{"line":104,"column":25},"end":{"line":104,"column":66}},"35":{"start":{"line":107,"column":34},"end":{"line":123,"column":10}},"36":{"start":{"line":125,"column":8},"end":{"line":133,"column":10}},"37":{"start":{"line":137,"column":24},"end":{"line":146,"column":10}},"38":{"start":{"line":148,"column":8},"end":{"line":150,"column":9}},"39":{"start":{"line":149,"column":12},"end":{"line":149,"column":61}},"40":{"start":{"line":152,"column":8},"end":{"line":152,"column":23}},"41":{"start":{"line":156,"column":24},"end":{"line":156,"column":46}},"42":{"start":{"line":159,"column":8},"end":{"line":166,"column":9}},"43":{"start":{"line":160,"column":12},"end":{"line":165,"column":14}},"44":{"start":{"line":169,"column":8},"end":{"line":171,"column":9}},"45":{"start":{"line":170,"column":12},"end":{"line":170,"column":85}},"46":{"start":{"line":173,"column":26},"end":{"line":173,"column":49}},"47":{"start":{"line":174,"column":8},"end":{"line":176,"column":9}},"48":{"start":{"line":175,"column":12},"end":{"line":175,"column":68}},"49":{"start":{"line":178,"column":31},"end":{"line":186,"column":10}},"50":{"start":{"line":189,"column":8},"end":{"line":189,"column":65}},"51":{"start":{"line":191,"column":8},"end":{"line":191,"column":30}},"52":{"start":{"line":195,"column":24},"end":{"line":195,"column":46}},"53":{"start":{"line":196,"column":26},"end":{"line":196,"column":42}},"54":{"start":{"line":199,"column":33},"end":{"line":199,"column":67}},"55":{"start":{"line":200,"column":8},"end":{"line":204,"column":9}},"56":{"start":{"line":201,"column":12},"end":{"line":203,"column":14}},"57":{"start":{"line":207,"column":31},"end":{"line":245,"column":10}},"58":{"start":{"line":209,"column":12},"end":{"line":221,"column":13}},"59":{"start":{"line":210,"column":16},"end":{"line":220,"column":17}},"60":{"start":{"line":211,"column":20},"end":{"line":214,"column":23}},"61":{"start":{"line":215,"column":23},"end":{"line":220,"column":17}},"62":{"start":{"line":216,"column":20},"end":{"line":219,"column":23}},"63":{"start":{"line":224,"column":12},"end":{"line":231,"column":15}},"64":{"start":{"line":234,"column":12},"end":{"line":244,"column":15}},"65":{"start":{"line":248,"column":8},"end":{"line":248,"column":65}},"66":{"start":{"line":250,"column":8},"end":{"line":250,"column":30}},"67":{"start":{"line":254,"column":8},"end":{"line":254,"column":31}},"68":{"start":{"line":256,"column":8},"end":{"line":259,"column":11}},"69":{"start":{"line":261,"column":8},"end":{"line":261,"column":59}},"70":{"start":{"line":265,"column":8},"end":{"line":265,"column":31}},"71":{"start":{"line":267,"column":8},"end":{"line":270,"column":11}},"72":{"start":{"line":279,"column":24},"end":{"line":281,"column":10}},"73":{"start":{"line":283,"column":8},"end":{"line":285,"column":9}},"74":{"start":{"line":284,"column":12},"end":{"line":284,"column":61}},"75":{"start":{"line":287,"column":8},"end":{"line":289,"column":9}},"76":{"start":{"line":288,"column":12},"end":{"line":288,"column":72}},"77":{"start":{"line":292,"column":24},"end":{"line":292,"column":44}},"78":{"start":{"line":293,"column":8},"end":{"line":293,"column":54}},"79":{"start":{"line":295,"column":35},"end":{"line":312,"column":10}},"80":{"start":{"line":314,"column":8},"end":{"line":316,"column":9}},"81":{"start":{"line":315,"column":12},"end":{"line":315,"column":92}},"82":{"start":{"line":320,"column":23},"end":{"line":322,"column":10}},"83":{"start":{"line":324,"column":8},"end":{"line":326,"column":9}},"84":{"start":{"line":325,"column":12},"end":{"line":325,"column":60}},"85":{"start":{"line":328,"column":8},"end":{"line":330,"column":9}},"86":{"start":{"line":329,"column":12},"end":{"line":329,"column":72}},"87":{"start":{"line":333,"column":30},"end":{"line":335,"column":10}},"88":{"start":{"line":337,"column":31},"end":{"line":342,"column":10}},"89":{"start":{"line":344,"column":30},"end":{"line":352,"column":10}},"90":{"start":{"line":354,"column":29},"end":{"line":354,"column":63}},"91":{"start":{"line":357,"column":30},"end":{"line":357,"column":40}},"92":{"start":{"line":358,"column":8},"end":{"line":358,"column":60}},"93":{"start":{"line":360,"column":31},"end":{"line":370,"column":10}},"94":{"start":{"line":373,"column":53},"end":{"line":373,"column":55}},"95":{"start":{"line":374,"column":8},"end":{"line":377,"column":11}},"96":{"start":{"line":375,"column":25},"end":{"line":375,"column":64}},"97":{"start":{"line":376,"column":12},"end":{"line":376,"column":81}},"98":{"start":{"line":379,"column":26},"end":{"line":382,"column":56}},"99":{"start":{"line":379,"column":65},"end":{"line":382,"column":10}},"100":{"start":{"line":382,"column":27},"end":{"line":382,"column":55}},"101":{"start":{"line":384,"column":8},"end":{"line":389,"column":10}},"102":{"start":{"line":29,"column":13},"end":{"line":29,"column":28}},"103":{"start":{"line":29,"column":13},"end":{"line":391,"column":null}}},"fnMap":{"0":{"name":"(anonymous_2)","decl":{"start":{"line":30,"column":4},"end":{"line":30,"column":null}},"loc":{"start":{"line":33,"column":58},"end":{"line":34,"column":9}}},"1":{"name":"(anonymous_3)","decl":{"start":{"line":36,"column":4},"end":{"line":36,"column":9}},"loc":{"start":{"line":36,"column":68},"end":{"line":80,"column":5}}},"2":{"name":"(anonymous_4)","decl":{"start":{"line":82,"column":4},"end":{"line":82,"column":9}},"loc":{"start":{"line":82,"column":44},"end":{"line":134,"column":5}}},"3":{"name":"(anonymous_5)","decl":{"start":{"line":136,"column":4},"end":{"line":136,"column":9}},"loc":{"start":{"line":136,"column":28},"end":{"line":153,"column":5}}},"4":{"name":"(anonymous_6)","decl":{"start":{"line":155,"column":4},"end":{"line":155,"column":9}},"loc":{"start":{"line":155,"column":80},"end":{"line":192,"column":5}}},"5":{"name":"(anonymous_7)","decl":{"start":{"line":194,"column":4},"end":{"line":194,"column":9}},"loc":{"start":{"line":194,"column":85},"end":{"line":251,"column":5}}},"6":{"name":"(anonymous_8)","decl":{"start":{"line":207,"column":62},"end":{"line":207,"column":67}},"loc":{"start":{"line":207,"column":170},"end":{"line":245,"column":9}}},"7":{"name":"(anonymous_9)","decl":{"start":{"line":253,"column":4},"end":{"line":253,"column":9}},"loc":{"start":{"line":253,"column":27},"end":{"line":262,"column":5}}},"8":{"name":"(anonymous_10)","decl":{"start":{"line":264,"column":4},"end":{"line":264,"column":9}},"loc":{"start":{"line":264,"column":31},"end":{"line":271,"column":5}}},"9":{"name":"(anonymous_11)","decl":{"start":{"line":273,"column":12},"end":{"line":273,"column":17}},"loc":{"start":{"line":277,"column":33},"end":{"line":317,"column":5}}},"10":{"name":"(anonymous_12)","decl":{"start":{"line":319,"column":12},"end":{"line":319,"column":17}},"loc":{"start":{"line":319,"column":61},"end":{"line":331,"column":5}}},"11":{"name":"(anonymous_13)","decl":{"start":{"line":332,"column":4},"end":{"line":332,"column":9}},"loc":{"start":{"line":332,"column":18},"end":{"line":390,"column":5}}},"12":{"name":"(anonymous_14)","decl":{"start":{"line":374,"column":31},"end":{"line":374,"column":32}},"loc":{"start":{"line":374,"column":35},"end":{"line":377,"column":9}}},"13":{"name":"(anonymous_15)","decl":{"start":{"line":379,"column":56},"end":{"line":379,"column":60}},"loc":{"start":{"line":379,"column":65},"end":{"line":382,"column":10}}},"14":{"name":"(anonymous_16)","decl":{"start":{"line":382,"column":17},"end":{"line":382,"column":18}},"loc":{"start":{"line":382,"column":27},"end":{"line":382,"column":55}}}},"branchMap":{"0":{"loc":{"start":{"line":38,"column":8},"end":{"line":44,"column":9}},"type":"if","locations":[{"start":{"line":38,"column":8},"end":{"line":44,"column":9}},{"start":{},"end":{}}]},"1":{"loc":{"start":{"line":47,"column":8},"end":{"line":49,"column":9}},"type":"if","locations":[{"start":{"line":47,"column":8},"end":{"line":49,"column":9}},{"start":{},"end":{}}]},"2":{"loc":{"start":{"line":83,"column":16},"end":{"line":83,"column":24}},"type":"default-arg","locations":[{"start":{"line":83,"column":23},"end":{"line":83,"column":24}}]},"3":{"loc":{"start":{"line":83,"column":26},"end":{"line":83,"column":36}},"type":"default-arg","locations":[{"start":{"line":83,"column":34},"end":{"line":83,"column":36}}]},"4":{"loc":{"start":{"line":90,"column":8},"end":{"line":95,"column":9}},"type":"if","locations":[{"start":{"line":90,"column":8},"end":{"line":95,"column":9}},{"start":{},"end":{}}]},"5":{"loc":{"start":{"line":97,"column":8},"end":{"line":97,"column":42}},"type":"if","locations":[{"start":{"line":97,"column":8},"end":{"line":97,"column":42}},{"start":{},"end":{}}]},"6":{"loc":{"start":{"line":98,"column":8},"end":{"line":98,"column":42}},"type":"if","locations":[{"start":{"line":98,"column":8},"end":{"line":98,"column":42}},{"start":{},"end":{}}]},"7":{"loc":{"start":{"line":99,"column":8},"end":{"line":99,"column":57}},"type":"if","locations":[{"start":{"line":99,"column":8},"end":{"line":99,"column":57}},{"start":{},"end":{}}]},"8":{"loc":{"start":{"line":101,"column":8},"end":{"line":105,"column":9}},"type":"if","locations":[{"start":{"line":101,"column":8},"end":{"line":105,"column":9}},{"start":{},"end":{}}]},"9":{"loc":{"start":{"line":101,"column":12},"end":{"line":101,"column":32}},"type":"binary-expr","locations":[{"start":{"line":101,"column":12},"end":{"line":101,"column":21}},{"start":{"line":101,"column":25},"end":{"line":101,"column":32}}]},"10":{"loc":{"start":{"line":103,"column":12},"end":{"line":103,"column":70}},"type":"if","locations":[{"start":{"line":103,"column":12},"end":{"line":103,"column":70}},{"start":{},"end":{}}]},"11":{"loc":{"start":{"line":104,"column":12},"end":{"line":104,"column":66}},"type":"if","locations":[{"start":{"line":104,"column":12},"end":{"line":104,"column":66}},{"start":{},"end":{}}]},"12":{"loc":{"start":{"line":148,"column":8},"end":{"line":150,"column":9}},"type":"if","locations":[{"start":{"line":148,"column":8},"end":{"line":150,"column":9}},{"start":{},"end":{}}]},"13":{"loc":{"start":{"line":159,"column":8},"end":{"line":166,"column":9}},"type":"if","locations":[{"start":{"line":159,"column":8},"end":{"line":166,"column":9}},{"start":{},"end":{}}]},"14":{"loc":{"start":{"line":159,"column":12},"end":{"line":159,"column":114}},"type":"binary-expr","locations":[{"start":{"line":159,"column":12},"end":{"line":159,"column":46}},{"start":{"line":159,"column":50},"end":{"line":159,"column":114}}]},"15":{"loc":{"start":{"line":162,"column":16},"end":{"line":162,"column":104}},"type":"cond-expr","locations":[{"start":{"line":162,"column":46},"end":{"line":162,"column":83}},{"start":{"line":162,"column":86},"end":{"line":162,"column":104}}]},"16":{"loc":{"start":{"line":163,"column":16},"end":{"line":163,"column":61}},"type":"binary-expr","locations":[{"start":{"line":163,"column":16},"end":{"line":163,"column":41}},{"start":{"line":163,"column":45},"end":{"line":163,"column":61}}]},"17":{"loc":{"start":{"line":169,"column":8},"end":{"line":171,"column":9}},"type":"if","locations":[{"start":{"line":169,"column":8},"end":{"line":171,"column":9}},{"start":{},"end":{}}]},"18":{"loc":{"start":{"line":169,"column":12},"end":{"line":169,"column":111}},"type":"binary-expr","locations":[{"start":{"line":169,"column":12},"end":{"line":169,"column":45}},{"start":{"line":169,"column":49},"end":{"line":169,"column":111}}]},"19":{"loc":{"start":{"line":174,"column":8},"end":{"line":176,"column":9}},"type":"if","locations":[{"start":{"line":174,"column":8},"end":{"line":176,"column":9}},{"start":{},"end":{}}]},"20":{"loc":{"start":{"line":200,"column":8},"end":{"line":204,"column":9}},"type":"if","locations":[{"start":{"line":200,"column":8},"end":{"line":204,"column":9}},{"start":{},"end":{}}]},"21":{"loc":{"start":{"line":202,"column":104},"end":{"line":202,"column":141}},"type":"binary-expr","locations":[{"start":{"line":202,"column":104},"end":{"line":202,"column":131}},{"start":{"line":202,"column":135},"end":{"line":202,"column":141}}]},"22":{"loc":{"start":{"line":209,"column":12},"end":{"line":221,"column":13}},"type":"if","locations":[{"start":{"line":209,"column":12},"end":{"line":221,"column":13}},{"start":{},"end":{}}]},"23":{"loc":{"start":{"line":210,"column":16},"end":{"line":220,"column":17}},"type":"if","locations":[{"start":{"line":210,"column":16},"end":{"line":220,"column":17}},{"start":{"line":215,"column":23},"end":{"line":220,"column":17}}]},"24":{"loc":{"start":{"line":210,"column":20},"end":{"line":210,"column":96}},"type":"binary-expr","locations":[{"start":{"line":210,"column":20},"end":{"line":210,"column":57}},{"start":{"line":210,"column":61},"end":{"line":210,"column":96}}]},"25":{"loc":{"start":{"line":215,"column":23},"end":{"line":220,"column":17}},"type":"if","locations":[{"start":{"line":215,"column":23},"end":{"line":220,"column":17}},{"start":{},"end":{}}]},"26":{"loc":{"start":{"line":215,"column":27},"end":{"line":215,"column":105}},"type":"binary-expr","locations":[{"start":{"line":215,"column":27},"end":{"line":215,"column":64}},{"start":{"line":215,"column":68},"end":{"line":215,"column":105}}]},"27":{"loc":{"start":{"line":283,"column":8},"end":{"line":285,"column":9}},"type":"if","locations":[{"start":{"line":283,"column":8},"end":{"line":285,"column":9}},{"start":{},"end":{}}]},"28":{"loc":{"start":{"line":287,"column":8},"end":{"line":289,"column":9}},"type":"if","locations":[{"start":{"line":287,"column":8},"end":{"line":289,"column":9}},{"start":{},"end":{}}]},"29":{"loc":{"start":{"line":300,"column":20},"end":{"line":300,"column":76}},"type":"cond-expr","locations":[{"start":{"line":300,"column":39},"end":{"line":300,"column":64}},{"start":{"line":300,"column":67},"end":{"line":300,"column":76}}]},"30":{"loc":{"start":{"line":314,"column":8},"end":{"line":316,"column":9}},"type":"if","locations":[{"start":{"line":314,"column":8},"end":{"line":316,"column":9}},{"start":{},"end":{}}]},"31":{"loc":{"start":{"line":324,"column":8},"end":{"line":326,"column":9}},"type":"if","locations":[{"start":{"line":324,"column":8},"end":{"line":326,"column":9}},{"start":{},"end":{}}]},"32":{"loc":{"start":{"line":328,"column":8},"end":{"line":330,"column":9}},"type":"if","locations":[{"start":{"line":328,"column":8},"end":{"line":330,"column":9}},{"start":{},"end":{}}]},"33":{"loc":{"start":{"line":354,"column":29},"end":{"line":354,"column":63}},"type":"binary-expr","locations":[{"start":{"line":354,"column":29},"end":{"line":354,"column":58}},{"start":{"line":354,"column":62},"end":{"line":354,"column":63}}]},"34":{"loc":{"start":{"line":376,"column":34},"end":{"line":376,"column":57}},"type":"binary-expr","locations":[{"start":{"line":376,"column":34},"end":{"line":376,"column":52}},{"start":{"line":376,"column":56},"end":{"line":376,"column":57}}]},"35":{"loc":{"start":{"line":376,"column":62},"end":{"line":376,"column":79}},"type":"binary-expr","locations":[{"start":{"line":376,"column":62},"end":{"line":376,"column":74}},{"start":{"line":376,"column":78},"end":{"line":376,"column":79}}]},"36":{"loc":{"start":{"line":31,"column":24},"end":{"line":31,"column":null}},"type":"cond-expr","locations":[{"start":{"line":31,"column":37},"end":{"line":31,"column":null}},{"start":{"line":31,"column":37},"end":{"line":31,"column":null}}]},"37":{"loc":{"start":{"line":31,"column":24},"end":{"line":31,"column":37}},"type":"binary-expr","locations":[{"start":{"line":31,"column":24},"end":{"line":31,"column":null}},{"start":{"line":31,"column":24},"end":{"line":31,"column":37}}]},"38":{"loc":{"start":{"line":31,"column":37},"end":{"line":32,"column":null}},"type":"cond-expr","locations":[{"start":{"line":32,"column":50},"end":{"line":32,"column":null}},{"start":{"line":32,"column":50},"end":{"line":32,"column":null}}]},"39":{"loc":{"start":{"line":31,"column":37},"end":{"line":32,"column":50}},"type":"binary-expr","locations":[{"start":{"line":31,"column":37},"end":{"line":32,"column":null}},{"start":{"line":32,"column":34},"end":{"line":32,"column":50}}]},"40":{"loc":{"start":{"line":32,"column":50},"end":{"line":33,"column":null}},"type":"cond-expr","locations":[{"start":{"line":33,"column":58},"end":{"line":33,"column":null}},{"start":{"line":33,"column":58},"end":{"line":33,"column":null}}]},"41":{"loc":{"start":{"line":32,"column":50},"end":{"line":33,"column":58}},"type":"binary-expr","locations":[{"start":{"line":32,"column":50},"end":{"line":33,"column":null}},{"start":{"line":33,"column":38},"end":{"line":33,"column":58}}]}},"s":{"0":1,"1":1,"2":1,"3":1,"4":1,"5":1,"6":1,"7":10,"8":10,"9":10,"10":2,"11":1,"12":2,"13":0,"14":2,"15":2,"16":2,"17":2,"18":2,"19":2,"20":2,"21":2,"22":0,"23":2,"24":1,"25":2,"26":0,"27":2,"28":0,"29":2,"30":0,"31":0,"32":0,"33":0,"34":0,"35":2,"36":2,"37":5,"38":5,"39":1,"40":4,"41":0,"42":0,"43":0,"44":0,"45":0,"46":0,"47":0,"48":0,"49":0,"50":0,"51":0,"52":2,"53":2,"54":2,"55":2,"56":1,"57":1,"58":1,"59":0,"60":0,"61":0,"62":0,"63":1,"64":1,"65":1,"66":1,"67":1,"68":1,"69":1,"70":0,"71":0,"72":1,"73":1,"74":0,"75":1,"76":0,"77":1,"78":1,"79":1,"80":1,"81":0,"82":0,"83":0,"84":0,"85":0,"86":0,"87":1,"88":1,"89":1,"90":1,"91":1,"92":1,"93":1,"94":1,"95":1,"96":2,"97":2,"98":1,"99":1,"100":0,"101":1,"102":1,"103":1},"f":{"0":10,"1":2,"2":2,"3":5,"4":0,"5":2,"6":1,"7":1,"8":0,"9":1,"10":0,"11":1,"12":2,"13":1,"14":0},"b":{"0":[1,1],"1":[0,2],"2":[1],"3":[1],"4":[0,2],"5":[1,1],"6":[0,2],"7":[0,2],"8":[0,2],"9":[2,2],"10":[0,0],"11":[0,0],"12":[1,4],"13":[0,0],"14":[0,0],"15":[0,0],"16":[0,0],"17":[0,0],"18":[0,0],"19":[0,0],"20":[1,1],"21":[1,1],"22":[0,1],"23":[0,0],"24":[0,0],"25":[0,0],"26":[0,0],"27":[0,1],"28":[0,1],"29":[0,1],"30":[0,1],"31":[0,0],"32":[0,0],"33":[1,0],"34":[2,1],"35":[2,0],"36":[1,0],"37":[1,1],"38":[1,0],"39":[1,1],"40":[1,0],"41":[1,1]}}
,"C:\\Users\\athylus\\Documents\\Personal Projects\\pingintrip-dashboard\\src\\bookings\\index.ts": {"path":"C:\\Users\\athylus\\Documents\\Personal Projects\\pingintrip-dashboard\\src\\bookings\\index.ts","statementMap":{"0":{"start":{"line":1,"column":0},"end":{"line":1,"column":34}},"1":{"start":{"line":2,"column":0},"end":{"line":2,"column":35}},"2":{"start":{"line":3,"column":0},"end":{"line":3,"column":22}}},"fnMap":{},"branchMap":{},"s":{"0":0,"1":0,"2":0},"f":{},"b":{}}
,"C:\\Users\\athylus\\Documents\\Personal Projects\\pingintrip-dashboard\\src\\bookings\\dto\\booking.dto.ts": {"path":"C:\\Users\\athylus\\Documents\\Personal Projects\\pingintrip-dashboard\\src\\bookings\\dto\\booking.dto.ts","statementMap":{"0":{"start":{"line":1,"column":0},"end":{"line":1,"column":null}},"1":{"start":{"line":10,"column":0},"end":{"line":10,"column":75}},"2":{"start":{"line":11,"column":0},"end":{"line":11,"column":52}},"3":{"start":{"line":12,"column":0},"end":{"line":12,"column":49}},"4":{"start":{"line":14,"column":0},"end":{"line":14,"column":13}},"5":{"start":{"line":16,"column":4},"end":{"line":16,"column":null}},"6":{"start":{"line":19,"column":4},"end":{"line":19,"column":null}},"7":{"start":{"line":22,"column":4},"end":{"line":22,"column":null}},"8":{"start":{"line":26,"column":4},"end":{"line":26,"column":null}},"9":{"start":{"line":25,"column":30},"end":{"line":25,"column":85}},"10":{"start":{"line":29,"column":4},"end":{"line":29,"column":null}},"11":{"start":{"line":33,"column":4},"end":{"line":33,"column":null}},"12":{"start":{"line":36,"column":4},"end":{"line":36,"column":null}},"13":{"start":{"line":40,"column":4},"end":{"line":40,"column":null}},"14":{"start":{"line":44,"column":4},"end":{"line":44,"column":null}},"15":{"start":{"line":48,"column":4},"end":{"line":48,"column":null}},"16":{"start":{"line":52,"column":4},"end":{"line":52,"column":null}},"17":{"start":{"line":55,"column":0},"end":{"line":55,"column":13}},"18":{"start":{"line":58,"column":4},"end":{"line":58,"column":null}},"19":{"start":{"line":62,"column":4},"end":{"line":62,"column":null}},"20":{"start":{"line":66,"column":4},"end":{"line":66,"column":null}},"21":{"start":{"line":70,"column":4},"end":{"line":70,"column":null}},"22":{"start":{"line":75,"column":4},"end":{"line":75,"column":null}},"23":{"start":{"line":79,"column":4},"end":{"line":79,"column":null}},"24":{"start":{"line":83,"column":4},"end":{"line":83,"column":null}},"25":{"start":{"line":87,"column":4},"end":{"line":87,"column":null}},"26":{"start":{"line":91,"column":4},"end":{"line":91,"column":null}},"27":{"start":{"line":95,"column":4},"end":{"line":95,"column":null}},"28":{"start":{"line":98,"column":0},"end":{"line":98,"column":13}},"29":{"start":{"line":100,"column":4},"end":{"line":100,"column":null}},"30":{"start":{"line":103,"column":0},"end":{"line":103,"column":13}},"31":{"start":{"line":106,"column":4},"end":{"line":106,"column":null}},"32":{"start":{"line":110,"column":4},"end":{"line":110,"column":null}},"33":{"start":{"line":114,"column":4},"end":{"line":114,"column":null}},"34":{"start":{"line":118,"column":4},"end":{"line":118,"column":null}},"35":{"start":{"line":122,"column":4},"end":{"line":122,"column":null}}},"fnMap":{"0":{"name":"(anonymous_2)","decl":{"start":{"line":25,"column":15},"end":{"line":25,"column":16}},"loc":{"start":{"line":25,"column":30},"end":{"line":25,"column":85}}}},"branchMap":{"0":{"loc":{"start":{"line":22,"column":12},"end":{"line":22,"column":26}},"type":"cond-expr","locations":[{"start":{"line":22,"column":25},"end":{"line":22,"column":26}},{"start":{"line":22,"column":25},"end":{"line":22,"column":26}}]},"1":{"loc":{"start":{"line":22,"column":12},"end":{"line":22,"column":25}},"type":"binary-expr","locations":[{"start":{"line":22,"column":12},"end":{"line":22,"column":26}},{"start":{"line":22,"column":12},"end":{"line":22,"column":25}}]},"2":{"loc":{"start":{"line":25,"column":30},"end":{"line":25,"column":85}},"type":"cond-expr","locations":[{"start":{"line":25,"column":58},"end":{"line":25,"column":77}},{"start":{"line":25,"column":80},"end":{"line":25,"column":85}}]},"3":{"loc":{"start":{"line":26,"column":17},"end":{"line":26,"column":29}},"type":"cond-expr","locations":[{"start":{"line":26,"column":28},"end":{"line":26,"column":29}},{"start":{"line":26,"column":28},"end":{"line":26,"column":29}}]},"4":{"loc":{"start":{"line":26,"column":17},"end":{"line":26,"column":28}},"type":"binary-expr","locations":[{"start":{"line":26,"column":17},"end":{"line":26,"column":29}},{"start":{"line":26,"column":17},"end":{"line":26,"column":28}}]},"5":{"loc":{"start":{"line":66,"column":18},"end":{"line":66,"column":30}},"type":"cond-expr","locations":[{"start":{"line":66,"column":29},"end":{"line":66,"column":30}},{"start":{"line":66,"column":29},"end":{"line":66,"column":30}}]},"6":{"loc":{"start":{"line":66,"column":18},"end":{"line":66,"column":29}},"type":"binary-expr","locations":[{"start":{"line":66,"column":18},"end":{"line":66,"column":30}},{"start":{"line":66,"column":18},"end":{"line":66,"column":29}}]},"7":{"loc":{"start":{"line":100,"column":12},"end":{"line":100,"column":26}},"type":"cond-expr","locations":[{"start":{"line":100,"column":25},"end":{"line":100,"column":26}},{"start":{"line":100,"column":25},"end":{"line":100,"column":26}}]},"8":{"loc":{"start":{"line":100,"column":12},"end":{"line":100,"column":25}},"type":"binary-expr","locations":[{"start":{"line":100,"column":12},"end":{"line":100,"column":26}},{"start":{"line":100,"column":12},"end":{"line":100,"column":25}}]},"9":{"loc":{"start":{"line":106,"column":13},"end":{"line":106,"column":27}},"type":"cond-expr","locations":[{"start":{"line":106,"column":26},"end":{"line":106,"column":27}},{"start":{"line":106,"column":26},"end":{"line":106,"column":27}}]},"10":{"loc":{"start":{"line":106,"column":13},"end":{"line":106,"column":26}},"type":"binary-expr","locations":[{"start":{"line":106,"column":13},"end":{"line":106,"column":27}},{"start":{"line":106,"column":13},"end":{"line":106,"column":26}}]},"11":{"loc":{"start":{"line":110,"column":13},"end":{"line":110,"column":27}},"type":"cond-expr","locations":[{"start":{"line":110,"column":26},"end":{"line":110,"column":27}},{"start":{"line":110,"column":26},"end":{"line":110,"column":27}}]},"12":{"loc":{"start":{"line":110,"column":13},"end":{"line":110,"column":26}},"type":"binary-expr","locations":[{"start":{"line":110,"column":13},"end":{"line":110,"column":27}},{"start":{"line":110,"column":13},"end":{"line":110,"column":26}}]},"13":{"loc":{"start":{"line":114,"column":18},"end":{"line":114,"column":30}},"type":"cond-expr","locations":[{"start":{"line":114,"column":29},"end":{"line":114,"column":30}},{"start":{"line":114,"column":29},"end":{"line":114,"column":30}}]},"14":{"loc":{"start":{"line":114,"column":18},"end":{"line":114,"column":29}},"type":"binary-expr","locations":[{"start":{"line":114,"column":18},"end":{"line":114,"column":30}},{"start":{"line":114,"column":18},"end":{"line":114,"column":29}}]}},"s":{"0":0,"1":0,"2":0,"3":0,"4":0,"5":0,"6":0,"7":0,"8":0,"9":0,"10":0,"11":0,"12":0,"13":0,"14":0,"15":0,"16":0,"17":0,"18":0,"19":0,"20":0,"21":0,"22":0,"23":0,"24":0,"25":0,"26":0,"27":0,"28":0,"29":0,"30":0,"31":0,"32":0,"33":0,"34":0,"35":0},"f":{"0":0},"b":{"0":[0,0],"1":[0,0],"2":[0,0],"3":[0,0],"4":[0,0],"5":[0,0],"6":[0,0],"7":[0,0],"8":[0,0],"9":[0,0],"10":[0,0],"11":[0,0],"12":[0,0],"13":[0,0],"14":[0,0]}}
,"C:\\Users\\athylus\\Documents\\Personal Projects\\pingintrip-dashboard\\src\\bookings\\dto\\index.ts": {"path":"C:\\Users\\athylus\\Documents\\Personal Projects\\pingintrip-dashboard\\src\\bookings\\dto\\index.ts","statementMap":{"0":{"start":{"line":1,"column":0},"end":{"line":1,"column":30}}},"fnMap":{},"branchMap":{},"s":{"0":0},"f":{},"b":{}}
,"C:\\Users\\athylus\\Documents\\Personal Projects\\pingintrip-dashboard\\src\\common\\index.ts": {"path":"C:\\Users\\athylus\\Documents\\Personal Projects\\pingintrip-dashboard\\src\\common\\index.ts","statementMap":{"0":{"start":{"line":1,"column":0},"end":{"line":1,"column":22}},"1":{"start":{"line":2,"column":0},"end":{"line":2,"column":26}}},"fnMap":{},"branchMap":{},"s":{"0":0,"1":0},"f":{},"b":{}}
,"C:\\Users\\athylus\\Documents\\Personal Projects\\pingintrip-dashboard\\src\\common\\dto\\index.ts": {"path":"C:\\Users\\athylus\\Documents\\Personal Projects\\pingintrip-dashboard\\src\\common\\dto\\index.ts","statementMap":{"0":{"start":{"line":1,"column":0},"end":{"line":1,"column":33}}},"fnMap":{},"branchMap":{},"s":{"0":0},"f":{},"b":{}}
,"C:\\Users\\athylus\\Documents\\Personal Projects\\pingintrip-dashboard\\src\\common\\dto\\pagination.dto.ts": {"path":"C:\\Users\\athylus\\Documents\\Personal Projects\\pingintrip-dashboard\\src\\common\\dto\\pagination.dto.ts","statementMap":{"0":{"start":{"line":1,"column":0},"end":{"line":1,"column":72}},"1":{"start":{"line":2,"column":0},"end":{"line":2,"column":41}},"2":{"start":{"line":9,"column":20},"end":{"line":9,"column":21}},"3":{"start":{"line":16,"column":21},"end":{"line":16,"column":23}},"4":{"start":{"line":4,"column":0},"end":{"line":4,"column":13}},"5":{"start":{"line":9,"column":4},"end":{"line":9,"column":null}},"6":{"start":{"line":6,"column":16},"end":{"line":6,"column":22}},"7":{"start":{"line":16,"column":4},"end":{"line":16,"column":null}},"8":{"start":{"line":12,"column":16},"end":{"line":12,"column":22}},"9":{"start":{"line":20,"column":4},"end":{"line":20,"column":null}}},"fnMap":{"0":{"name":"(anonymous_2)","decl":{"start":{"line":6,"column":10},"end":{"line":6,"column":13}},"loc":{"start":{"line":6,"column":16},"end":{"line":6,"column":22}}},"1":{"name":"(anonymous_3)","decl":{"start":{"line":12,"column":10},"end":{"line":12,"column":13}},"loc":{"start":{"line":12,"column":16},"end":{"line":12,"column":22}}}},"branchMap":{},"s":{"0":0,"1":0,"2":0,"3":0,"4":0,"5":0,"6":0,"7":0,"8":0,"9":0},"f":{"0":0,"1":0},"b":{}}
,"C:\\Users\\athylus\\Documents\\Personal Projects\\pingintrip-dashboard\\src\\common\\filters\\http-exception.filter.ts": {"path":"C:\\Users\\athylus\\Documents\\Personal Projects\\pingintrip-dashboard\\src\\common\\filters\\http-exception.filter.ts","statementMap":{"0":{"start":{"line":1,"column":0},"end":{"line":1,"column":null}},"1":{"start":{"line":12,"column":32},"end":{"line":50,"column":null}},"2":{"start":{"line":13,"column":30},"end":{"line":13,"column":66}},"3":{"start":{"line":16,"column":20},"end":{"line":16,"column":39}},"4":{"start":{"line":17,"column":25},"end":{"line":17,"column":52}},"5":{"start":{"line":18,"column":24},"end":{"line":18,"column":49}},"6":{"start":{"line":20,"column":21},"end":{"line":20,"column":53}},"7":{"start":{"line":21,"column":22},"end":{"line":21,"column":45}},"8":{"start":{"line":22,"column":26},"end":{"line":22,"column":30}},"9":{"start":{"line":24,"column":8},"end":{"line":35,"column":9}},"10":{"start":{"line":25,"column":12},"end":{"line":25,"column":43}},"11":{"start":{"line":26,"column":38},"end":{"line":26,"column":61}},"12":{"start":{"line":28,"column":12},"end":{"line":34,"column":13}},"13":{"start":{"line":29,"column":16},"end":{"line":29,"column":44}},"14":{"start":{"line":30,"column":19},"end":{"line":34,"column":13}},"15":{"start":{"line":31,"column":36},"end":{"line":31,"column":60}},"16":{"start":{"line":32,"column":16},"end":{"line":32,"column":57}},"17":{"start":{"line":33,"column":16},"end":{"line":33,"column":52}},"18":{"start":{"line":38,"column":8},"end":{"line":40,"column":10}},"19":{"start":{"line":42,"column":8},"end":{"line":48,"column":11}},"20":{"start":{"line":12,"column":13},"end":{"line":12,"column":32}},"21":{"start":{"line":12,"column":13},"end":{"line":50,"column":null}}},"fnMap":{"0":{"name":"(anonymous_1)","decl":{"start":{"line":15,"column":4},"end":{"line":15,"column":9}},"loc":{"start":{"line":15,"column":49},"end":{"line":49,"column":5}}}},"branchMap":{"0":{"loc":{"start":{"line":24,"column":8},"end":{"line":35,"column":9}},"type":"if","locations":[{"start":{"line":24,"column":8},"end":{"line":35,"column":9}},{"start":{},"end":{}}]},"1":{"loc":{"start":{"line":28,"column":12},"end":{"line":34,"column":13}},"type":"if","locations":[{"start":{"line":28,"column":12},"end":{"line":34,"column":13}},{"start":{"line":30,"column":19},"end":{"line":34,"column":13}}]},"2":{"loc":{"start":{"line":30,"column":19},"end":{"line":34,"column":13}},"type":"if","locations":[{"start":{"line":30,"column":19},"end":{"line":34,"column":13}},{"start":{},"end":{}}]},"3":{"loc":{"start":{"line":32,"column":26},"end":{"line":32,"column":56}},"type":"binary-expr","locations":[{"start":{"line":32,"column":26},"end":{"line":32,"column":45}},{"start":{"line":32,"column":49},"end":{"line":32,"column":56}}]},"4":{"loc":{"start":{"line":33,"column":25},"end":{"line":33,"column":51}},"type":"binary-expr","locations":[{"start":{"line":33,"column":25},"end":{"line":33,"column":43}},{"start":{"line":33,"column":47},"end":{"line":33,"column":51}}]}},"s":{"0":0,"1":0,"2":0,"3":0,"4":0,"5":0,"6":0,"7":0,"8":0,"9":0,"10":0,"11":0,"12":0,"13":0,"14":0,"15":0,"16":0,"17":0,"18":0,"19":0,"20":0,"21":0},"f":{"0":0},"b":{"0":[0,0],"1":[0,0],"2":[0,0],"3":[0,0],"4":[0,0]}}
,"C:\\Users\\athylus\\Documents\\Personal Projects\\pingintrip-dashboard\\src\\common\\filters\\index.ts": {"path":"C:\\Users\\athylus\\Documents\\Personal Projects\\pingintrip-dashboard\\src\\common\\filters\\index.ts","statementMap":{"0":{"start":{"line":1,"column":0},"end":{"line":1,"column":40}}},"fnMap":{},"branchMap":{},"s":{"0":0},"f":{},"b":{}}
,"C:\\Users\\athylus\\Documents\\Personal Projects\\pingintrip-dashboard\\src\\drivers\\drivers.controller.ts": {"path":"C:\\Users\\athylus\\Documents\\Personal Projects\\pingintrip-dashboard\\src\\drivers\\drivers.controller.ts","statementMap":{"0":{"start":{"line":1,"column":0},"end":{"line":1,"column":null}},"1":{"start":{"line":12,"column":0},"end":{"line":12,"column":38}},"2":{"start":{"line":13,"column":0},"end":{"line":13,"column":51}},"3":{"start":{"line":14,"column":0},"end":{"line":14,"column":74}},"4":{"start":{"line":15,"column":0},"end":{"line":15,"column":58}},"5":{"start":{"line":19,"column":7},"end":{"line":59,"column":null}},"6":{"start":{"line":20,"column":33},"end":{"line":20,"column":49}},"7":{"start":{"line":25,"column":8},"end":{"line":25,"column":59}},"8":{"start":{"line":30,"column":8},"end":{"line":30,"column":53}},"9":{"start":{"line":35,"column":8},"end":{"line":35,"column":50}},"10":{"start":{"line":40,"column":8},"end":{"line":40,"column":47}},"11":{"start":{"line":45,"column":8},"end":{"line":45,"column":60}},"12":{"start":{"line":51,"column":8},"end":{"line":51,"column":63}},"13":{"start":{"line":57,"column":8},"end":{"line":57,"column":46}},"14":{"start":{"line":19,"column":13},"end":{"line":19,"column":30}},"15":{"start":{"line":24,"column":4},"end":{"line":26,"column":null}},"16":{"start":{"line":29,"column":4},"end":{"line":31,"column":null}},"17":{"start":{"line":34,"column":4},"end":{"line":36,"column":null}},"18":{"start":{"line":39,"column":4},"end":{"line":41,"column":null}},"19":{"start":{"line":44,"column":4},"end":{"line":46,"column":null}},"20":{"start":{"line":50,"column":4},"end":{"line":52,"column":null}},"21":{"start":{"line":56,"column":4},"end":{"line":58,"column":null}},"22":{"start":{"line":19,"column":13},"end":{"line":59,"column":null}}},"fnMap":{"0":{"name":"(anonymous_4)","decl":{"start":{"line":20,"column":4},"end":{"line":20,"column":33}},"loc":{"start":{"line":20,"column":63},"end":{"line":20,"column":68}}},"1":{"name":"(anonymous_5)","decl":{"start":{"line":24,"column":4},"end":{"line":24,"column":10}},"loc":{"start":{"line":24,"column":51},"end":{"line":26,"column":5}}},"2":{"name":"(anonymous_6)","decl":{"start":{"line":29,"column":4},"end":{"line":29,"column":11}},"loc":{"start":{"line":29,"column":46},"end":{"line":31,"column":5}}},"3":{"name":"(anonymous_7)","decl":{"start":{"line":34,"column":4},"end":{"line":34,"column":16}},"loc":{"start":{"line":34,"column":16},"end":{"line":36,"column":5}}},"4":{"name":"(anonymous_8)","decl":{"start":{"line":39,"column":4},"end":{"line":39,"column":11}},"loc":{"start":{"line":39,"column":35},"end":{"line":41,"column":5}}},"5":{"name":"(anonymous_9)","decl":{"start":{"line":44,"column":4},"end":{"line":44,"column":24}},"loc":{"start":{"line":44,"column":48},"end":{"line":46,"column":5}}},"6":{"name":"(anonymous_10)","decl":{"start":{"line":50,"column":4},"end":{"line":50,"column":10}},"loc":{"start":{"line":50,"column":76},"end":{"line":52,"column":5}}},"7":{"name":"(anonymous_11)","decl":{"start":{"line":56,"column":4},"end":{"line":56,"column":10}},"loc":{"start":{"line":56,"column":34},"end":{"line":58,"column":5}}}},"branchMap":{"0":{"loc":{"start":{"line":24,"column":36},"end":{"line":24,"column":null}},"type":"cond-expr","locations":[{"start":{"line":24,"column":51},"end":{"line":24,"column":null}},{"start":{"line":24,"column":51},"end":{"line":24,"column":null}}]},"1":{"loc":{"start":{"line":24,"column":36},"end":{"line":24,"column":51}},"type":"binary-expr","locations":[{"start":{"line":24,"column":36},"end":{"line":24,"column":null}},{"start":{"line":24,"column":36},"end":{"line":24,"column":51}}]},"2":{"loc":{"start":{"line":29,"column":31},"end":{"line":29,"column":null}},"type":"cond-expr","locations":[{"start":{"line":29,"column":46},"end":{"line":29,"column":null}},{"start":{"line":29,"column":46},"end":{"line":29,"column":null}}]},"3":{"loc":{"start":{"line":29,"column":31},"end":{"line":29,"column":46}},"type":"binary-expr","locations":[{"start":{"line":29,"column":31},"end":{"line":29,"column":null}},{"start":{"line":29,"column":31},"end":{"line":29,"column":46}}]},"4":{"loc":{"start":{"line":50,"column":61},"end":{"line":50,"column":null}},"type":"cond-expr","locations":[{"start":{"line":50,"column":76},"end":{"line":50,"column":null}},{"start":{"line":50,"column":76},"end":{"line":50,"column":null}}]},"5":{"loc":{"start":{"line":50,"column":61},"end":{"line":50,"column":76}},"type":"binary-expr","locations":[{"start":{"line":50,"column":61},"end":{"line":50,"column":null}},{"start":{"line":50,"column":61},"end":{"line":50,"column":76}}]},"6":{"loc":{"start":{"line":20,"column":49},"end":{"line":20,"column":67}},"type":"cond-expr","locations":[{"start":{"line":20,"column":63},"end":{"line":20,"column":67}},{"start":{"line":20,"column":63},"end":{"line":20,"column":67}}]},"7":{"loc":{"start":{"line":20,"column":49},"end":{"line":20,"column":63}},"type":"binary-expr","locations":[{"start":{"line":20,"column":49},"end":{"line":20,"column":67}},{"start":{"line":20,"column":49},"end":{"line":20,"column":63}}]}},"s":{"0":0,"1":0,"2":0,"3":0,"4":0,"5":0,"6":0,"7":0,"8":0,"9":0,"10":0,"11":0,"12":0,"13":0,"14":0,"15":0,"16":0,"17":0,"18":0,"19":0,"20":0,"21":0,"22":0},"f":{"0":0,"1":0,"2":0,"3":0,"4":0,"5":0,"6":0,"7":0},"b":{"0":[0,0],"1":[0,0],"2":[0,0],"3":[0,0],"4":[0,0],"5":[0,0],"6":[0,0],"7":[0,0]}}
,"C:\\Users\\athylus\\Documents\\Personal Projects\\pingintrip-dashboard\\src\\drivers\\drivers.module.ts": {"path":"C:\\Users\\athylus\\Documents\\Personal Projects\\pingintrip-dashboard\\src\\drivers\\drivers.module.ts","statementMap":{"0":{"start":{"line":1,"column":0},"end":{"line":1,"column":40}},"1":{"start":{"line":2,"column":0},"end":{"line":2,"column":57}},"2":{"start":{"line":3,"column":0},"end":{"line":3,"column":51}},"3":{"start":{"line":10,"column":7},"end":{"line":10,"column":null}},"4":{"start":{"line":10,"column":13},"end":{"line":10,"column":26}},"5":{"start":{"line":10,"column":13},"end":{"line":10,"column":null}}},"fnMap":{},"branchMap":{},"s":{"0":0,"1":0,"2":0,"3":0,"4":0,"5":0},"f":{},"b":{}}
,"C:\\Users\\athylus\\Documents\\Personal Projects\\pingintrip-dashboard\\src\\drivers\\drivers.service.ts": {"path":"C:\\Users\\athylus\\Documents\\Personal Projects\\pingintrip-dashboard\\src\\drivers\\drivers.service.ts","statementMap":{"0":{"start":{"line":1,"column":0},"end":{"line":1,"column":null}},"1":{"start":{"line":5,"column":0},"end":{"line":5,"column":55}},"2":{"start":{"line":6,"column":0},"end":{"line":6,"column":57}},"3":{"start":{"line":11,"column":7},"end":{"line":134,"column":null}},"4":{"start":{"line":12,"column":24},"end":{"line":12,"column":32}},"5":{"start":{"line":15,"column":8},"end":{"line":17,"column":11}},"6":{"start":{"line":21,"column":63},"end":{"line":21,"column":71}},"7":{"start":{"line":22,"column":21},"end":{"line":22,"column":39}},"8":{"start":{"line":24,"column":47},"end":{"line":26,"column":10}},"9":{"start":{"line":28,"column":8},"end":{"line":33,"column":9}},"10":{"start":{"line":29,"column":12},"end":{"line":32,"column":14}},"11":{"start":{"line":35,"column":8},"end":{"line":35,"column":36}},"12":{"start":{"line":35,"column":18},"end":{"line":35,"column":36}},"13":{"start":{"line":36,"column":8},"end":{"line":36,"column":42}},"14":{"start":{"line":36,"column":20},"end":{"line":36,"column":42}},"15":{"start":{"line":38,"column":33},"end":{"line":46,"column":10}},"16":{"start":{"line":48,"column":8},"end":{"line":56,"column":10}},"17":{"start":{"line":60,"column":23},"end":{"line":76,"column":10}},"18":{"start":{"line":78,"column":8},"end":{"line":80,"column":9}},"19":{"start":{"line":79,"column":12},"end":{"line":79,"column":60}},"20":{"start":{"line":82,"column":8},"end":{"line":82,"column":22}},"21":{"start":{"line":86,"column":8},"end":{"line":86,"column":31}},"22":{"start":{"line":88,"column":8},"end":{"line":91,"column":11}},"23":{"start":{"line":95,"column":8},"end":{"line":95,"column":31}},"24":{"start":{"line":97,"column":8},"end":{"line":100,"column":11}},"25":{"start":{"line":102,"column":8},"end":{"line":102,"column":58}},"26":{"start":{"line":106,"column":8},"end":{"line":112,"column":11}},"27":{"start":{"line":116,"column":23},"end":{"line":116,"column":45}},"28":{"start":{"line":118,"column":31},"end":{"line":127,"column":10}},"29":{"start":{"line":129,"column":8},"end":{"line":132,"column":10}},"30":{"start":{"line":11,
[...]
,"column":12},"end":{"line":154,"column":13}},"39":{"start":{"line":153,"column":16},"end":{"line":153,"column":94}},"40":{"start":{"line":157,"column":8},"end":{"line":161,"column":11}},"41":{"start":{"line":165,"column":8},"end":{"line":165,"column":31}},"42":{"start":{"line":167,"column":8},"end":{"line":170,"column":11}},"43":{"start":{"line":172,"column":8},"end":{"line":172,"column":59}},"44":{"start":{"line":176,"column":8},"end":{"line":183,"column":11}},"45":{"start":{"line":188,"column":8},"end":{"line":188,"column":31}},"46":{"start":{"line":189,"column":8},"end":{"line":192,"column":11}},"47":{"start":{"line":197,"column":8},"end":{"line":197,"column":31}},"48":{"start":{"line":198,"column":8},"end":{"line":201,"column":11}},"49":{"start":{"line":205,"column":8},"end":{"line":205,"column":31}},"50":{"start":{"line":206,"column":8},"end":{"line":216,"column":11}},"51":{"start":{"line":220,"column":8},"end":{"line":220,"column":38}},"52":{"start":{"line":222,"column":26},"end":{"line":222,"column":28}},"53":{"start":{"line":223,"column":8},"end":{"line":223,"column":74}},"54":{"start":{"line":223,"column":29},"end":{"line":223,"column":74}},"55":{"start":{"line":224,"column":8},"end":{"line":224,"column":57}},"56":{"start":{"line":224,"column":36},"end":{"line":224,"column":57}},"57":{"start":{"line":225,"column":8},"end":{"line":225,"column":60}},"58":{"start":{"line":225,"column":37},"end":{"line":225,"column":60}},"59":{"start":{"line":228,"column":28},"end":{"line":230,"column":10}},"60":{"start":{"line":232,"column":8},"end":{"line":247,"column":9}},"61":{"start":{"line":233,"column":28},"end":{"line":233,"column":94}},"62":{"start":{"line":234,"column":12},"end":{"line":246,"column":13}},"63":{"start":{"line":235,"column":16},"end":{"line":245,"column":17}},"64":{"start":{"line":236,"column":20},"end":{"line":239,"column":23}},"65":{"start":{"line":240,"column":23},"end":{"line":245,"column":17}},"66":{"start":{"line":241,"column":20},"end":{"line":244,"column":23}},"67":{"start":{"line":249,"column":8},"end":{"line":252,"column":11}},"68":{"start":{"line":256,"column":8},"end":{"line":256,"column":38}},"69":{"start":{"line":257,"column":8},"end":{"line":259,"column":11}},"70":{"start":{"line":260,"column":8},"end":{"line":260,"column":57}},"71":{"start":{"line":265,"column":8},"end":{"line":265,"column":31}},"72":{"start":{"line":266,"column":8},"end":{"line":269,"column":11}},"73":{"start":{"line":273,"column":8},"end":{"line":273,"column":31}},"74":{"start":{"line":274,"column":8},"end":{"line":280,"column":11}},"75":{"start":{"line":284,"column":8},"end":{"line":284,"column":38}},"76":{"start":{"line":285,"column":8},"end":{"line":287,"column":11}},"77":{"start":{"line":288,"column":8},"end":{"line":288,"column":44}},"78":{"start":{"line":12,"column":13},"end":{"line":12,"column":28}},"79":{"start":{"line":12,"column":13},"end":{"line":290,"column":null}}},"fnMap":{"0":{"name":"(anonymous_2)","decl":{"start":{"line":13,"column":4},"end":{"line":13,"column":24}},"loc":{"start":{"line":13,"column":45},"end":{"line":13,"column":50}}},"1":{"name":"(anonymous_3)","decl":{"start":{"line":15,"column":4},"end":{"line":15,"column":9}},"loc":{"start":{"line":15,"column":51},"end":{"line":45,"column":5}}},"2":{"name":"(anonymous_4)","decl":{"start":{"line":47,"column":4},"end":{"line":47,"column":9}},"loc":{"start":{"line":47,"column":44},"end":{"line":95,"column":5}}},"3":{"name":"(anonymous_5)","decl":{"start":{"line":97,"column":4},"end":{"line":97,"column":9}},"loc":{"start":{"line":97,"column":28},"end":{"line":122,"column":5}}},"4":{"name":"(anonymous_6)","decl":{"start":{"line":124,"column":4},"end":{"line":124,"column":9}},"loc":{"start":{"line":124,"column":63},"end":{"line":162,"column":5}}},"5":{"name":"(anonymous_7)","decl":{"start":{"line":164,"column":4},"end":{"line":164,"column":9}},"loc":{"start":{"line":164,"column":27},"end":{"line":173,"column":5}}},"6":{"name":"(anonymous_8)","decl":{"start":{"line":175,"column":4},"end":{"line":175,"column":9}},"loc":{"start":{"line":175,"column":36},"end":{"line":184,"column":5}}},"7":{"name":"(anonymous_9)","decl":{"start":{"line":187,"column":4},"end":{"line":187,"column":9}},"loc":{"start":{"line":187,"column":53},"end":{"line":193,"column":5}}},"8":{"name":"(anonymous_10)","decl":{"start":{"line":196,"column":4},"end":{"line":196,"column":9}},"loc":{"start":{"line":196,"column":35},"end":{"line":202,"column":5}}},"9":{"name":"(anonymous_11)","decl":{"start":{"line":204,"column":4},"end":{"line":204,"column":9}},"loc":{"start":{"line":204,"column":45},"end":{"line":217,"column":5}}},"10":{"name":"(anonymous_12)","decl":{"start":{"line":219,"column":4},"end":{"line":219,"column":9}},"loc":{"start":{"line":219,"column":78},"end":{"line":253,"column":5}}},"11":{"name":"(anonymous_13)","decl":{"start":{"line":255,"column":4},"end":{"line":255,"column":9}},"loc":{"start":{"line":255,"column":68},"end":{"line":261,"column":5}}},"12":{"name":"(anonymous_14)","decl":{"start":{"line":264,"column":4},"end":{"line":264,"column":9}},"loc":{"start":{"line":264,"column":30},"end":{"line":270,"column":5}}},"13":{"name":"(anonymous_15)","decl":{"start":{"line":272,"column":4},"end":{"line":272,"column":9}},"loc":{"start":{"line":272,"column":39},"end":{"line":281,"column":5}}},"14":{"name":"(anonymous_16)","decl":{"start":{"line":283,"column":4},"end":{"line":283,"column":9}},"loc":{"start":{"line":283,"column":56},"end":{"line":289,"column":5}}}},"branchMap":{"0":{"loc":{"start":{"line":21,"column":8},"end":{"line":23,"column":9}},"type":"if","locations":[{"start":{"line":21,"column":8},"end":{"line":23,"column":9}},{"start":{},"end":{}}]},"1":{"loc":{"start":{"line":26,"column":8},"end":{"line":39,"column":9}},"type":"if","locations":[{"start":{"line":26,"column":8},"end":{"line":39,"column":9}},{"start":{},"end":{}}]},"2":{"loc":{"start":{"line":32,"column":12},"end":{"line":34,"column":13}},"type":"if","locations":[{"start":{"line":32,"column":12},"end":{"line":34,"column":13}},{"start":{},"end":{}}]},"3":{"loc":{"start":{"line":36,"column":12},"end":{"line":38,"column":13}},"type":"if","locations":[{"start":{"line":36,"column":12},"end":{"line":38,"column":13}},{"start":{},"end":{}}]},"4":{"loc":{"start":{"line":48,"column":16},"end":{"line":48,"column":24}},"type":"default-arg","locations":[{"start":{"line":48,"column":23},"end":{"line":48,"column":24}}]},"5":{"loc":{"start":{"line":48,"column":26},"end":{"line":48,"column":36}},"type":"default-arg","locations":[{"start":{"line":48,"column":34},"end":{"line":48,"column":36}}]},"6":{"loc":{"start":{"line":55,"column":8},"end":{"line":61,"column":9}},"type":"if","locations":[{"start":{"line":55,"column":8},"end":{"line":61,"column":9}},{"start":{},"end":{}}]},"7":{"loc":{"start":{"line":63,"column":8},"end":{"line":63,"column":36}},"type":"if","locations":[{"start":{"line":63,"column":8},"end":{"line":63,"column":36}},{"start":{},"end":{}}]},"8":{"loc":{"start":{"line":64,"column":8},"end":{"line":64,"column":42}},"type":"if","locations":[{"start":{"line":64,"column":8},"end":{"line":64,"column":42}},{"start":{},"end":{}}]},"9":{"loc":{"start":{"line":117,"column":8},"end":{"line":119,"column":9}},"type":"if","locations":[{"start":{"line":117,"column":8},"end":{"line":119,"column":9}},{"start":{},"end":{}}]},"10":{"loc":{"start":{"line":128,"column":8},"end":{"line":139,"column":9}},"type":"if","locations":[{"start":{"line":128,"column":8},"end":{"line":139,"column":9}},{"start":{},"end":{}}]},"11":{"loc":{"start":{"line":136,"column":12},"end":{"line":138,"column":13}},"type":"if","locations":[{"start":{"line":136,"column":12},"end":{"line":138,"column":13}},{"start":{},"end":{}}]},"12":{"loc":{"start":{"line":142,"column":8},"end":{"line":155,"column":9}},"type":"if","locations":[{"start":{"line":142,"column":8},"end":{"line":155,"column":9}},{"start":{},"end":{}}]},"13":{"loc":{"start":{"line":148,"column":12},"end":{"line":150,"column":13}},"type":"if","locations":[{"start":{"line":148,"column":12},"end":{"line":150,"column":13}},{"start":{},"end":{}}]},"14":{"loc":{"start":{"line":152,"column":12},"end":{"line":154,"column":13}},"type":"if","locations":[{"start":{"line":152,"column":12},"end":{"line":154,"column":13}},{"start":{},"end":{}}]},"15":{"loc":{"start":{"line":152,"column":16},"end":{"line":152,"column":58}},"type":"binary-expr","locations":[{"start":{"line":152,"column":16},"end":{"line":152,"column":30}},{"start":{"line":152,"column":34},"end":{"line":152,"column":58}}]},"16":{"loc":{"start":{"line":180,"column":20},"end":{"line":180,"column":53}},"type":"cond-expr","locations":[{"start":{"line":180,"column":27},"end":{"line":180,"column":48}},{"start":{"line":180,"column":51},"end":{"line":180,"column":53}}]},"17":{"loc":{"start":{"line":212,"column":25},"end":{"line":212,"column":67}},"type":"cond-expr","locations":[{"start":{"line":212,"column":39},"end":{"line":212,"column":60}},{"start":{"line":212,"column":63},"end":{"line":212,"column":67}}]},"18":{"loc":{"start":{"line":213,"column":22},"end":{"line":213,"column":35}},"type":"binary-expr","locations":[{"start":{"line":213,"column":22},"end":{"line":213,"column":30}},{"start":{"line":213,"column":34},"end":{"line":213,"column":35}}]},"19":{"loc":{"start":{"line":223,"column":8},"end":{"line":223,"column":74}},"type":"if","locations":[{"start":{"line":223,"column":8},"end":{"line":223,"column":74}},{"start":{},"end":{}}]},"20":{"loc":{"start":{"line":224,"column":8},"end":{"line":224,"column":57}},"type":"if","locations":[{"start":{"line":224,"column":8},"end":{"line":224,"column":57}},{"start":{},"end":{}}]},"21":{"loc":{"start":{"line":225,"column":8},"end":{"line":225,"column":60}},"type":"if","locations":[{"start":{"line":225,"column":8},"end":{"line":225,"column":60}},{"start":{},"end":{}}]},"22":{"loc":{"start":{"line":232,"column":8},"end":{"line":247,"column":9}},"type":"if","locations":[{"start":{"line":232,"column":8},"end":{"line":247,"column":9}},{"start":{},"end":{}}]},"23":{"loc":{"start":{"line":232,"column":12},"end":{"line":232,"column":42}},"type":"binary-expr","locations":[{"start":{"line":232,"column":12},"end":{"line":232,"column":27}},{"start":{"line":232,"column":31},"end":{"line":232,"column":42}}]},"24":{"loc":{"start":{"line":234,"column":12},"end":{"line":246,"column":13}},"type":"if","locations":[{"start":{"line":234,"column":12},"end":{"line":246,"column":13}},{"start":{},"end":{}}]},"25":{"loc":{"start":{"line":235,"column":16},"end":{"line":245,"column":17}},"type":"if","locations":[{"start":{"line":235,"column":16},"end":{"line":245,"column":17}},{"start":{"line":240,"column":23},"end":{"line":245,"column":17}}]},"26":{"loc":{"start":{"line":240,"column":23},"end":{"line":245,"column":17}},"type":"if","locations":[{"start":{"line":240,"column":23},"end":{"line":245,"column":17}},{"start":{},"end":{}}]},"27":{"loc":{"start":{"line":278,"column":27},"end":{"line":278,"column":49}},"type":"binary-expr","locations":[{"start":{"line":278,"column":27},"end":{"line":278,"column":40}},{"start":{"line":278,"column":44},"end":{"line":278,"column":49}}]},"28":{"loc":{"start":{"line":13,"column":32},"end":{"line":13,"column":49}},"type":"cond-expr","locations":[{"start":{"line":13,"column":45},"end":{"line":13,"column":49}},{"start":{"line":13,"column":45},"end":{"line":13,"column":49}}]},"29":{"loc":{"start":{"line":13,"column":32},"end":{"line":13,"column":45}},"type":"binary-expr","locations":[{"start":{"line":13,"column":32},"end":{"line":13,"column":49}},{"start":{"line":13,"column":32},"end":{"line":13,"column":45}}]}},"s":{"0":1,"1":1,"2":1,"3":14,"4":2,"5":2,"6":1,"7":1,"8":0,"9":0,"10":0,"11":0,"12":0,"13":1,"14":2,"15":2,"16":2,"17":2,"18":0,"19":2,"20":1,"21":2,"22":0,"23":2,"24":2,"25":9,"26":9,"27":1,"28":8,"29":2,"30":2,"31":1,"32":1,"33":1,"34":1,"35":0,"36":0,"37":0,"38":0,"39":0,"40":1,"41":1,"42":1,"43":1,"44":1,"45":0,"46":0,"47":1,"48":1,"49":1,"50":1,"51":0,"52":0,"53":0,"54":0,"55":0,"56":0,"57":0,"58":0,"59":0,"60":0,"61":0,"62":0,"63":0,"64":0,"65":0,"66":0,"67":0,"68":0,"69":0,"70":0,"71":1,"72":1,"73":1,"74":1,"75":0,"76":0,"77":0,"78":1,"79":1},"f":{"0":14,"1":2,"2":2,"3":9,"4":2,"5":1,"6":1,"7":0,"8":1,"9":1,"10":0,"11":0,"12":1,"13":1,"14":0},"b":{"0":[1,1],"1":[0,1],"2":[0,0],"3":[0,0],"4":[1],"5":[1],"6":[0,2],"7":[1,1],"8":[0,2],"9":[1,8],"10":[1,1],"11":[1,0],"12":[0,1],"13":[0,0],"14":[0,0],"15":[0,0],"16":[1,0],"17":[0,1],"18":[1,1],"19":[0,0],"20":[0,0],"21":[0,0],"22":[0,0],"23":[0,0],"24":[0,0],"25":[0,0],"26":[0,0],"27":[1,1],"28":[1,0],"29":[1,1]}}
,"C:\\Users\\athylus\\Documents\\Personal Projects\\pingintrip-dashboard\\src\\vehicles\\dto\\index.ts": {"path":"C:\\Users\\athylus\\Documents\\Personal Projects\\pingintrip-dashboard\\src\\vehicles\\dto\\index.ts","statementMap":{"0":{"start":{"line":1,"column":0},"end":{"line":1,"column":30}},"1":{"start":{"line":2,"column":0},"end":{"line":2,"column":34}}},"fnMap":{},"branchMap":{},"s":{"0":0,"1":0},"f":{},"b":{}}
,"C:\\Users\\athylus\\Documents\\Personal Projects\\pingintrip-dashboard\\src\\vehicles\\dto\\maintenance.dto.ts": {"path":"C:\\Users\\athylus\\Documents\\Personal Projects\\pingintrip-dashboard\\src\\vehicles\\dto\\maintenance.dto.ts","statementMap":{"0":{"start":{"line":1,"column":0},"end":{"line":1,"column":89}},"1":{"start":{"line":3,"column":0},"end":{"line":3,"column":null}},"2":{"start":{"line":4,"column":4},"end":{"line":4,"column":null}},"3":{"start":{"line":5,"column":4},"end":{"line":5,"column":null}},"4":{"start":{"line":6,"column":4},"end":{"line":6,"column":null}},"5":{"start":{"line":7,"column":4},"end":{"line":7,"column":null}},"6":{"start":{"line":8,"column":4},"end":{"line":8,"column":null}},"7":{"start":{"line":11,"column":0},"end":{"line":11,"column":13}},"8":{"start":{"line":13,"column":4},"end":{"line":13,"column":null}},"9":{"start":{"line":17,"column":4},"end":{"line":17,"column":null}},"10":{"start":{"line":22,"column":4},"end":{"line":22,"column":null}},"11":{"start":{"line":26,"column":4},"end":{"line":26,"column":null}},"12":{"start":{"line":31,"column":4},"end":{"line":31,"column":null}},"13":{"start":{"line":35,"column":4},"end":{"line":35,"column":null}},"14":{"start":{"line":38,"column":0},"end":{"line":38,"column":13}},"15":{"start":{"line":41,"column":4},"end":{"line":41,"column":null}},"16":{"start":{"line":46,"column":4},"end":{"line":46,"column":null}},"17":{"start":{"line":50,"column":4},"end":{"line":50,"column":null}},"18":{"start":{"line":53,"column":0},"end":{"line":53,"column":13}},"19":{"start":{"line":56,"column":4},"end":{"line":56,"column":null}},"20":{"start":{"line":59,"column":0},"end":{"line":59,"column":13}},"21":{"start":{"line":61,"column":4},"end":{"line":61,"column":null}},"22":{"start":{"line":64,"column":4},"end":{"line":64,"column":null}}},"fnMap":{"0":{"name":"(anonymous_2)","decl":{"start":{"line":3,"column":0},"end":{"line":3,"column":12}},"loc":{"start":{"line":3,"column":27},"end":{"line":9,"column":1}}}},"branchMap":{"0":{"loc":{"start":{"line":3,"column":12},"end":{"line":3,"column":null}},"type":"binary-expr","locations":[{"start":{"line":3,"column":12},"end":{"line":3,"column":27}},{"start":{"line":3,"column":27},"end":{"line":3,"column":null}}]}},"s":{"0":0,"1":0,"2":0,"3":0,"4":0,"5":0,"6":0,"7":0,"8":0,"9":0,"10":0,"11":0,"12":0,"13":0,"14":0,"15":0,"16":0,"17":0,"18":0,"19":0,"20":0,"21":0,"22":0},"f":{"0":0},"b":{"0":[0,0]}}
,"C:\\Users\\athylus\\Documents\\Personal Projects\\pingintrip-dashboard\\src\\vehicles\\dto\\vehicle.dto.ts": {"path":"C:\\Users\\athylus\\Documents\\Personal Projects\\pingintrip-dashboard\\src\\vehicles\\dto\\vehicle.dto.ts","statementMap":{"0":{"start":{"line":1,"column":0},"end":{"line":1,"column":null}},"1":{"start":{"line":9,"column":0},"end":{"line":9,"column":60}},"2":{"start":{"line":10,"column":0},"end":{"line":10,"column":49}},"3":{"start":{"line":12,"column":0},"end":{"line":12,"column":13}},"4":{"start":{"line":14,"column":4},"end":{"line":14,"column":null}},"5":{"start":{"line":17,"column":4},"end":{"line":17,"column":null}},"6":{"start":{"line":20,"column":4},"end":{"line":20,"column":null}},"7":{"start":{"line":23,"column":4},"end":{"line":23,"column":null}},"8":{"start":{"line":27,"column":4},"end":{"line":27,"column":null}},"9":{"start":{"line":31,"column":4},"end":{"line":31,"column":null}},"10":{"start":{"line":35,"column":4},"end":{"line":35,"column":null}},"11":{"start":{"line":38,"column":0},"end":{"line":38,"column":13}},"12":{"start":{"line":41,"column":4},"end":{"line":41,"column":null}},"13":{"start":{"line":45,"column":4},"end":{"line":45,"column":null}},"14":{"start":{"line":49,"column":4},"end":{"line":49,"column":null}},"15":{"start":{"line":53,"column":4},"end":{"line":53,"column":null}},"16":{"start":{"line":58,"column":4},"end":{"line":58,"column":null}},"17":{"start":{"line":62,"column":4},"end":{"line":62,"column":null}},"18":{"start":{"line":66,"column":4},"end":{"line":66,"column":null}},"19":{"start":{"line":70,"column":4},"end":{"line":70,"column":null}},"20":{"start":{"line":73,"column":0},"end":{"line":73,"column":13}},"21":{"start":{"line":76,"column":4},"end":{"line":76,"column":null}},"22":{"start":{"line":80,"column":4},"end":{"line":80,"column":null}}},"fnMap":{},"branchMap":{"0":{"loc":{"start":{"line":14,"column":10},"end":{"line":14,"column":22}},"type":"cond-expr","locations":[{"start":{"line":14,"column":21},"end":{"line":14,"column":22}},{"start":{"line":14,"column":21},"end":{"line":14,"column":22}}]},"1":{"loc":{"start":{"line":14,"column":10},"end":{"line":14,"column":21}},"type":"binary-expr","locations":[{"start":{"line":14,"column":10},"end":{"line":14,"column":22}},{"start":{"line":14,"column":10},"end":{"line":14,"column":21}}]},"2":{"loc":{"start":{"line":41,"column":11},"end":{"line":41,"column":23}},"type":"cond-expr","locations":[{"start":{"line":41,"column":22},"end":{"line":41,"column":23}},{"start":{"line":41,"column":22},"end":{"line":41,"column":23}}]},"3":{"loc":{"start":{"line":41,"column":11},"end":{"line":41,"column":22}},"type":"binary-expr","locations":[{"start":{"line":41,"column":11},"end":{"line":41,"column":23}},{"start":{"line":41,"column":11},"end":{"line":41,"column":22}}]},"4":{"loc":{"start":{"line":62,"column":13},"end":{"line":62,"column":27}},"type":"cond-expr","locations":[{"start":{"line":62,"column":26},"end":{"line":62,"column":27}},{"start":{"line":62,"column":26},"end":{"line":62,"column":27}}]},"5":{"loc":{"start":{"line":62,"column":13},"end":{"line":62,"column":26}},"type":"binary-expr","locations":[{"start":{"line":62,"column":13},"end":{"line":62,"column":27}},{"start":{"line":62,"column":13},"end":{"line":62,"column":26}}]},"6":{"loc":{"start":{"line":76,"column":11},"end":{"line":76,"column":23}},"type":"cond-expr","locations":[{"start":{"line":76,"column":22},"end":{"line":76,"column":23}},{"start":{"line":76,"column":22},"end":{"line":76,"column":23}}]},"7":{"loc":{"start":{"line":76,"column":11},"end":{"line":76,"column":22}},"type":"binary-expr","locations":[{"start":{"line":76,"column":11},"end":{"line":76,"column":23}},{"start":{"line":76,"column":11},"end":{"line":76,"column":22}}]},"8":{"loc":{"start":{"line":80,"column":13},"end":{"line":80,"column":27}},"type":"cond-expr","locations":[{"start":{"line":80,"column":26},"end":{"line":80,"column":27}},{"start":{"line":80,"column":26},"end":{"line":80,"column":27}}]},"9":{"loc":{"start":{"line":80,"column":13},"end":{"line":80,"column":26}},"type":"binary-expr","locations":[{"start":{"line":80,"column":13},"end":{"line":80,"column":27}},{"start":{"line":80,"column":13},"end":{"line":80,"column":26}}]}},"s":{"0":0,"1":0,"2":0,"3":0,"4":0,"5":0,"6":0,"7":0,"8":0,"9":0,"10":0,"11":0,"12":0,"13":0,"14":0,"15":0,"16":0,"17":0,"18":0,"19":0,"20":0,"21":0,"22":0},"f":{},"b":{"0":[0,0],"1":[0,0],"2":[0,0],"3":[0,0],"4":[0,0],"5":[0,0],"6":[0,0],"7":[0,0],"8":[0,0],"9":[0,0]}}
}
